

================================================================
== Vitis HLS Report for 'mvm_sa_Pipeline_write_y_loop'
================================================================
* Date:           Wed Jul  6 15:16:20 2022

* Version:        2021.2 (Build 3367213 on Tue Oct 19 02:47:39 MDT 2021)
* Project:        mvm_sa
* Solution:       solution1 (Vivado IP Flow Target)
* Product family: zynq
* Target device:  xc7z020-clg400-1


================================================================
== Performance Estimates
================================================================
+ Timing: 
    * Summary: 
    +--------+----------+----------+------------+
    |  Clock |  Target  | Estimated| Uncertainty|
    +--------+----------+----------+------------+
    |ap_clk  |  10.00 ns|  3.323 ns|     2.70 ns|
    +--------+----------+----------+------------+

+ Latency: 
    * Summary: 
    +---------+---------+-----------+-----------+-----+-----+---------+
    |  Latency (cycles) |   Latency (absolute)  |  Interval | Pipeline|
    |   min   |   max   |    min    |    max    | min | max |   Type  |
    +---------+---------+-----------+-----------+-----+-----+---------+
    |        6|        6|  60.000 ns|  60.000 ns|    6|    6|       no|
    +---------+---------+-----------+-----------+-----+-----+---------+

    + Detail: 
        * Instance: 
        N/A

        * Loop: 
        +----------------+---------+---------+----------+-----------+-----------+------+----------+
        |                |  Latency (cycles) | Iteration|  Initiation Interval  | Trip |          |
        |    Loop Name   |   min   |   max   |  Latency |  achieved |   target  | Count| Pipelined|
        +----------------+---------+---------+----------+-----------+-----------+------+----------+
        |- write_y_loop  |        4|        4|         2|          1|          1|     4|       yes|
        +----------------+---------+---------+----------+-----------+-----------+------+----------+



================================================================
== Utilization Estimates
================================================================
* Summary: 
+-----------------+---------+-----+--------+-------+-----+
|       Name      | BRAM_18K| DSP |   FF   |  LUT  | URAM|
+-----------------+---------+-----+--------+-------+-----+
|DSP              |        -|    -|       -|      -|    -|
|Expression       |        -|    -|       0|     35|    -|
|FIFO             |        -|    -|       -|      -|    -|
|Instance         |        -|    -|       0|     20|    -|
|Memory           |        -|    -|       -|      -|    -|
|Multiplexer      |        -|    -|       -|     45|    -|
|Register         |        -|    -|      10|      -|    -|
+-----------------+---------+-----+--------+-------+-----+
|Total            |        0|    0|      10|    100|    0|
+-----------------+---------+-----+--------+-------+-----+
|Available        |      280|  220|  106400|  53200|    0|
+-----------------+---------+-----+--------+-------+-----+
|Utilization (%)  |        0|    0|      ~0|     ~0|    0|
+-----------------+---------+-----+--------+-------+-----+

+ Detail: 
    * Instance: 
    +-------------------+---------------+---------+----+---+----+-----+
    |      Instance     |     Module    | BRAM_18K| DSP| FF| LUT| URAM|
    +-------------------+---------------+---------+----+---+----+-----+
    |mux_42_32_1_1_U17  |mux_42_32_1_1  |        0|   0|  0|  20|    0|
    +-------------------+---------------+---------+----+---+----+-----+
    |Total              |               |        0|   0|  0|  20|    0|
    +-------------------+---------------+---------+----+---+----+-----+

    * DSP: 
    N/A

    * Memory: 
    N/A

    * FIFO: 
    N/A

    * Expression: 
    +---------------------------+----------+----+---+----+------------+------------+
    |       Variable Name       | Operation| DSP| FF| LUT| Bitwidth P0| Bitwidth P1|
    +---------------------------+----------+----+---+----+------------+------------+
    |add_ln50_fu_104_p2         |         +|   0|  0|  13|           4|           1|
    |ap_block_pp0_stage0_01001  |       and|   0|  0|   2|           1|           1|
    |icmp_ln50_fu_88_p2         |      icmp|   0|  0|   9|           4|           5|
    |temp_last_V_fu_98_p2       |      icmp|   0|  0|   9|           4|           3|
    |ap_enable_pp0              |       xor|   0|  0|   2|           1|           2|
    +---------------------------+----------+----+---+----+------------+------------+
    |Total                      |          |   0|  0|  35|          14|          12|
    +---------------------------+----------+----+---+----+------------+------------+

    * Multiplexer: 
    +-------------------------+----+-----------+-----+-----------+
    |           Name          | LUT| Input Size| Bits| Total Bits|
    +-------------------------+----+-----------+-----+-----------+
    |ap_done_int              |   9|          2|    1|          2|
    |ap_enable_reg_pp0_iter1  |   9|          2|    1|          2|
    |ap_sig_allocacmp_i_1     |   9|          2|    4|          8|
    |i_fu_58                  |   9|          2|    4|          8|
    |y_stream_TDATA_blk_n     |   9|          2|    1|          2|
    +-------------------------+----+-----------+-----+-----------+
    |Total                    |  45|         10|   11|         22|
    +-------------------------+----+-----------+-----+-----------+

    * Register: 
    +-------------------------+---+----+-----+-----------+
    |           Name          | FF| LUT| Bits| Const Bits|
    +-------------------------+---+----+-----+-----------+
    |ap_CS_fsm                |  1|   0|    1|          0|
    |ap_done_reg              |  1|   0|    1|          0|
    |ap_enable_reg_pp0_iter1  |  1|   0|    1|          0|
    |empty_10_reg_155         |  2|   0|    2|          0|
    |i_fu_58                  |  4|   0|    4|          0|
    |temp_last_V_reg_160      |  1|   0|    1|          0|
    +-------------------------+---+----+-----+-----------+
    |Total                    | 10|   0|   10|          0|
    +-------------------------+---+----+-----+-----------+



================================================================
== Interface
================================================================
* Summary: 
+--------------------------------------------------------------------------------------------------------+-----+-----+------------+--------------------------------------------------------------------------------------------------------+--------------+
|                                                RTL Ports                                               | Dir | Bits|  Protocol  |                                              Source Object                                             |    C Type    |
+--------------------------------------------------------------------------------------------------------+-----+-----+------------+--------------------------------------------------------------------------------------------------------+--------------+
|ap_clk                                                                                                  |   in|    1|  ap_ctrl_hs|                                                                            mvm_sa_Pipeline_write_y_loop|  return value|
|ap_rst                                                                                                  |   in|    1|  ap_ctrl_hs|                                                                            mvm_sa_Pipeline_write_y_loop|  return value|
|ap_start                                                                                                |   in|    1|  ap_ctrl_hs|                                                                            mvm_sa_Pipeline_write_y_loop|  return value|
|ap_done                                                                                                 |  out|    1|  ap_ctrl_hs|                                                                            mvm_sa_Pipeline_write_y_loop|  return value|
|ap_idle                                                                                                 |  out|    1|  ap_ctrl_hs|                                                                            mvm_sa_Pipeline_write_y_loop|  return value|
|ap_ready                                                                                                |  out|    1|  ap_ctrl_hs|                                                                            mvm_sa_Pipeline_write_y_loop|  return value|
|y_stream_TREADY                                                                                         |   in|    1|        axis|                                                                                       y_stream_V_data_V|       pointer|
|y_stream_TDATA                                                                                          |  out|   32|        axis|                                                                                       y_stream_V_data_V|       pointer|
|y_stream_TVALID                                                                                         |  out|    1|        axis|                                                                                       y_stream_V_last_V|       pointer|
|y_stream_TLAST                                                                                          |  out|    1|        axis|                                                                                       y_stream_V_last_V|       pointer|
|y_stream_TKEEP                                                                                          |  out|    4|        axis|                                                                                       y_stream_V_keep_V|       pointer|
|y_stream_TSTRB                                                                                          |  out|    4|        axis|                                                                                       y_stream_V_strb_V|       pointer|
|mvm_sa_stream_axis_int_0ul_0ul_0ul_0_stream_axis_int_0ul_0ul_0ul_0_stream_axis_int_0ul_0ul_0ul_0_acc    |   in|   32|     ap_none|    mvm_sa_stream_axis_int_0ul_0ul_0ul_0_stream_axis_int_0ul_0ul_0ul_0_stream_axis_int_0ul_0ul_0ul_0_acc|       pointer|
|mvm_sa_stream_axis_int_0ul_0ul_0ul_0_stream_axis_int_0ul_0ul_0ul_0_stream_axis_int_0ul_0ul_0ul_0_acc_1  |   in|   32|     ap_none|  mvm_sa_stream_axis_int_0ul_0ul_0ul_0_stream_axis_int_0ul_0ul_0ul_0_stream_axis_int_0ul_0ul_0ul_0_acc_1|       pointer|
|mvm_sa_stream_axis_int_0ul_0ul_0ul_0_stream_axis_int_0ul_0ul_0ul_0_stream_axis_int_0ul_0ul_0ul_0_acc_2  |   in|   32|     ap_none|  mvm_sa_stream_axis_int_0ul_0ul_0ul_0_stream_axis_int_0ul_0ul_0ul_0_stream_axis_int_0ul_0ul_0ul_0_acc_2|       pointer|
|mvm_sa_stream_axis_int_0ul_0ul_0ul_0_stream_axis_int_0ul_0ul_0ul_0_stream_axis_int_0ul_0ul_0ul_0_acc_3  |   in|   32|     ap_none|  mvm_sa_stream_axis_int_0ul_0ul_0ul_0_stream_axis_int_0ul_0ul_0ul_0_stream_axis_int_0ul_0ul_0ul_0_acc_3|       pointer|
+--------------------------------------------------------------------------------------------------------+-----+-----+------------+--------------------------------------------------------------------------------------------------------+--------------+

============================================================
+ Verbose Summary: Synthesis Manager
============================================================
InlineROM: 1
ExposeGlobal: 0
============================================================
+ Verbose Summary: CDFG Model
============================================================
IsTopModel: 0
ResetActiveHigh: 1
IsCombinational: 2
IsDatapathOnly: 2
HasWiredReturn: 1
HasMFsm: 2
HasVarLatency: 1
IsPipeline: 0
IsRtlPipelined: 0
IsInstanceOverlapped: 0
IsDontTouch: 0
HasImplIP: 0
IsGatedGlobalClock: 0

+ Individual pipeline summary: 
  * Pipeline-0: initiation interval (II) = 1, depth = 2


============================================================
+ Verbose Summary: Schedule
============================================================
* Number of FSM states : 2
* Pipeline : 1
  Pipeline-0 : II = 1, D = 2, States = { 1 2 }
* Dataflow Pipeline: 0

* FSM state transitions: 
1 --> 2 
2 --> 

* FSM state operations: 

State 1 <SV = 0> <Delay = 3.32>
ST_1 : Operation 5 [1/1] (0.00ns)   --->   "%i = alloca i32 1"   --->   Operation 5 'alloca' 'i' <Predicate = true> <Delay = 0.00>
ST_1 : Operation 6 [1/1] (0.00ns)   --->   "%specinterface_ln0 = specinterface void @_ssdm_op_SpecInterface, i1 %y_stream_V_last_V, i4 %y_stream_V_strb_V, i4 %y_stream_V_keep_V, i32 %y_stream_V_data_V, void @empty, i32 0, i32 0, void @empty_4, i32 0, i32 0, void @empty_5, void @empty_5, void @empty_5, i32 0, i32 0, i32 0, i32 0, void @empty_5, void @empty_5"   --->   Operation 6 'specinterface' 'specinterface_ln0' <Predicate = true> <Delay = 0.00>
ST_1 : Operation 7 [1/1] (1.58ns)   --->   "%store_ln0 = store i4 4, i4 %i"   --->   Operation 7 'store' 'store_ln0' <Predicate = true> <Delay = 1.58>
ST_1 : Operation 8 [1/1] (0.00ns)   --->   "%br_ln0 = br void %.preheader4"   --->   Operation 8 'br' 'br_ln0' <Predicate = true> <Delay = 0.00>
ST_1 : Operation 9 [1/1] (0.00ns)   --->   "%i_1 = load i4 %i"   --->   Operation 9 'load' 'i_1' <Predicate = true> <Delay = 0.00>
ST_1 : Operation 10 [1/1] (0.00ns)   --->   "%specpipeline_ln0 = specpipeline void @_ssdm_op_SpecPipeline, i32 4294967295, i32 0, i32 1, i32 0, void @p_str"   --->   Operation 10 'specpipeline' 'specpipeline_ln0' <Predicate = true> <Delay = 0.00>
ST_1 : Operation 11 [1/1] (1.30ns)   --->   "%icmp_ln50 = icmp_eq  i4 %i_1, i4 8" [mvm_sa.cpp:50]   --->   Operation 11 'icmp' 'icmp_ln50' <Predicate = true> <Delay = 1.30> <CoreInst = "Cmp">   --->   Core 9 'Cmp' <Latency = 0> <II = 1> <Delay = 1.30> <FuncUnit> <Opcode : 'icmp'> <InPorts = 2> <OutPorts = 1>
ST_1 : Operation 12 [1/1] (0.00ns)   --->   "%empty = speclooptripcount i32 @_ssdm_op_SpecLoopTripCount, i64 4, i64 4, i64 4"   --->   Operation 12 'speclooptripcount' 'empty' <Predicate = true> <Delay = 0.00>
ST_1 : Operation 13 [1/1] (0.00ns)   --->   "%br_ln50 = br i1 %icmp_ln50, void %.split5, void %.loopexit.loopexit.exitStub" [mvm_sa.cpp:50]   --->   Operation 13 'br' 'br_ln50' <Predicate = true> <Delay = 0.00>
ST_1 : Operation 14 [1/1] (0.00ns)   --->   "%empty_10 = trunc i4 %i_1"   --->   Operation 14 'trunc' 'empty_10' <Predicate = (!icmp_ln50)> <Delay = 0.00>
ST_1 : Operation 15 [1/1] (1.30ns)   --->   "%temp_last_V = icmp_eq  i4 %i_1, i4 7" [mvm_sa.cpp:64]   --->   Operation 15 'icmp' 'temp_last_V' <Predicate = (!icmp_ln50)> <Delay = 1.30> <CoreInst = "Cmp">   --->   Core 9 'Cmp' <Latency = 0> <II = 1> <Delay = 1.30> <FuncUnit> <Opcode : 'icmp'> <InPorts = 2> <OutPorts = 1>
ST_1 : Operation 16 [1/1] (1.73ns)   --->   "%add_ln50 = add i4 %i_1, i4 1" [mvm_sa.cpp:50]   --->   Operation 16 'add' 'add_ln50' <Predicate = (!icmp_ln50)> <Delay = 1.73> <CoreInst = "Adder">   --->   Core 1 'Adder' <Latency = 0> <II = 1> <Delay = 1.73> <FuncUnit> <Opcode : 'add' 'sub'> <InPorts = 2> <OutPorts = 1>
ST_1 : Operation 17 [1/1] (1.58ns)   --->   "%store_ln50 = store i4 %add_ln50, i4 %i" [mvm_sa.cpp:50]   --->   Operation 17 'store' 'store_ln50' <Predicate = (!icmp_ln50)> <Delay = 1.58>
ST_1 : Operation 26 [1/1] (0.00ns)   --->   "%ret_ln0 = ret"   --->   Operation 26 'ret' 'ret_ln0' <Predicate = (icmp_ln50)> <Delay = 0.00>

State 2 <SV = 1> <Delay = 1.82>
ST_2 : Operation 18 [1/1] (0.00ns)   --->   "%specloopname_ln50 = specloopname void @_ssdm_op_SpecLoopName, void @empty_1" [mvm_sa.cpp:50]   --->   Operation 18 'specloopname' 'specloopname_ln50' <Predicate = true> <Delay = 0.00>
ST_2 : Operation 19 [1/1] (0.00ns)   --->   "%mvm_sa_stream_axis_int_0ul_0ul_0ul_0_stream_axis_int_0ul_0ul_0ul_0_stream_axis_int_0ul_0ul_0ul_0_acc_load = load i32 %mvm_sa_stream_axis_int_0ul_0ul_0ul_0_stream_axis_int_0ul_0ul_0ul_0_stream_axis_int_0ul_0ul_0ul_0_acc" [mvm_sa.cpp:56]   --->   Operation 19 'load' 'mvm_sa_stream_axis_int_0ul_0ul_0ul_0_stream_axis_int_0ul_0ul_0ul_0_stream_axis_int_0ul_0ul_0ul_0_acc_load' <Predicate = true> <Delay = 0.00>
ST_2 : Operation 20 [1/1] (0.00ns)   --->   "%mvm_sa_stream_axis_int_0ul_0ul_0ul_0_stream_axis_int_0ul_0ul_0ul_0_stream_axis_int_0ul_0ul_0ul_0_acc_1_load = load i32 %mvm_sa_stream_axis_int_0ul_0ul_0ul_0_stream_axis_int_0ul_0ul_0ul_0_stream_axis_int_0ul_0ul_0ul_0_acc_1" [mvm_sa.cpp:56]   --->   Operation 20 'load' 'mvm_sa_stream_axis_int_0ul_0ul_0ul_0_stream_axis_int_0ul_0ul_0ul_0_stream_axis_int_0ul_0ul_0ul_0_acc_1_load' <Predicate = true> <Delay = 0.00>
ST_2 : Operation 21 [1/1] (0.00ns)   --->   "%mvm_sa_stream_axis_int_0ul_0ul_0ul_0_stream_axis_int_0ul_0ul_0ul_0_stream_axis_int_0ul_0ul_0ul_0_acc_2_load = load i32 %mvm_sa_stream_axis_int_0ul_0ul_0ul_0_stream_axis_int_0ul_0ul_0ul_0_stream_axis_int_0ul_0ul_0ul_0_acc_2" [mvm_sa.cpp:56]   --->   Operation 21 'load' 'mvm_sa_stream_axis_int_0ul_0ul_0ul_0_stream_axis_int_0ul_0ul_0ul_0_stream_axis_int_0ul_0ul_0ul_0_acc_2_load' <Predicate = true> <Delay = 0.00>
ST_2 : Operation 22 [1/1] (0.00ns)   --->   "%mvm_sa_stream_axis_int_0ul_0ul_0ul_0_stream_axis_int_0ul_0ul_0ul_0_stream_axis_int_0ul_0ul_0ul_0_acc_3_load = load i32 %mvm_sa_stream_axis_int_0ul_0ul_0ul_0_stream_axis_int_0ul_0ul_0ul_0_stream_axis_int_0ul_0ul_0ul_0_acc_3" [mvm_sa.cpp:56]   --->   Operation 22 'load' 'mvm_sa_stream_axis_int_0ul_0ul_0ul_0_stream_axis_int_0ul_0ul_0ul_0_stream_axis_int_0ul_0ul_0ul_0_acc_3_load' <Predicate = true> <Delay = 0.00>
ST_2 : Operation 23 [1/1] (1.82ns)   --->   "%temp_data = mux i32 @_ssdm_op_Mux.ap_auto.4i32.i2, i32 %mvm_sa_stream_axis_int_0ul_0ul_0ul_0_stream_axis_int_0ul_0ul_0ul_0_stream_axis_int_0ul_0ul_0ul_0_acc_load, i32 %mvm_sa_stream_axis_int_0ul_0ul_0ul_0_stream_axis_int_0ul_0ul_0ul_0_stream_axis_int_0ul_0ul_0ul_0_acc_1_load, i32 %mvm_sa_stream_axis_int_0ul_0ul_0ul_0_stream_axis_int_0ul_0ul_0ul_0_stream_axis_int_0ul_0ul_0ul_0_acc_2_load, i32 %mvm_sa_stream_axis_int_0ul_0ul_0ul_0_stream_axis_int_0ul_0ul_0ul_0_stream_axis_int_0ul_0ul_0ul_0_acc_3_load, i2 %empty_10" [mvm_sa.cpp:62]   --->   Operation 23 'mux' 'temp_data' <Predicate = true> <Delay = 1.82> <CoreInst = "Multiplexer">   --->   Core 76 'Multiplexer' <Latency = 0> <II = 1> <Delay = 1.82> <FuncUnit> <Opcode : 'mux'> <InPorts = 2> <OutPorts = 1>
ST_2 : Operation 24 [1/1] (0.00ns)   --->   "%write_ln304 = write void @_ssdm_op_Write.axis.volatile.i32P0A.i4P0A.i4P0A.i1P0A, i32 %y_stream_V_data_V, i4 %y_stream_V_keep_V, i4 %y_stream_V_strb_V, i1 %y_stream_V_last_V, i32 %temp_data, i4 15, i4 0, i1 %temp_last_V"   --->   Operation 24 'write' 'write_ln304' <Predicate = true> <Delay = 0.00> <CoreInst = "axis">   --->   Core 115 'axis' <Latency = 0> <II = 1> <Delay = 1.00> <Adapter> <Opcode : >
ST_2 : Operation 25 [1/1] (0.00ns)   --->   "%br_ln0 = br void %.preheader4"   --->   Operation 25 'br' 'br_ln0' <Predicate = true> <Delay = 0.00>


============================================================
+ Verbose Summary: Binding
============================================================
STG Binding: 
---------------- STG Properties BEGIN ----------------
- Is combinational: 0
- Is one-state seq: 0
- Is datapath-only: 0
- Is pipelined: 0
- Is top level: 0
Port [ Return ] is wired: 1; IO mode=ap_ctrl_hs:ce=0
Port [ y_stream_V_data_V]:  wired=1; compound=1; hidden=0; nouse=0; global=0; static=0; extern=0; dir=1; type=0; pingpong=0; private_global=0; IO mode=axis:ce=0
Port [ y_stream_V_keep_V]:  wired=1; compound=1; hidden=0; nouse=0; global=0; static=0; extern=0; dir=1; type=0; pingpong=0; private_global=0; IO mode=axis:ce=0
Port [ y_stream_V_strb_V]:  wired=1; compound=1; hidden=0; nouse=0; global=0; static=0; extern=0; dir=1; type=0; pingpong=0; private_global=0; IO mode=axis:ce=0
Port [ y_stream_V_last_V]:  wired=1; compound=1; hidden=0; nouse=0; global=0; static=0; extern=0; dir=1; type=0; pingpong=0; private_global=0; IO mode=axis:ce=0
Port [ mvm_sa_stream_axis_int_0ul_0ul_0ul_0_stream_axis_int_0ul_0ul_0ul_0_stream_axis_int_0ul_0ul_0ul_0_acc]:  wired=1; compound=0; hidden=0; nouse=0; global=1; static=1; extern=0; dir=0; type=0; pingpong=0; private_global=0; IO mode=ap_none:ce=0
Port [ mvm_sa_stream_axis_int_0ul_0ul_0ul_0_stream_axis_int_0ul_0ul_0ul_0_stream_axis_int_0ul_0ul_0ul_0_acc_1]:  wired=1; compound=0; hidden=0; nouse=0; global=1; static=1; extern=0; dir=0; type=0; pingpong=0; private_global=0; IO mode=ap_none:ce=0
Port [ mvm_sa_stream_axis_int_0ul_0ul_0ul_0_stream_axis_int_0ul_0ul_0ul_0_stream_axis_int_0ul_0ul_0ul_0_acc_2]:  wired=1; compound=0; hidden=0; nouse=0; global=1; static=1; extern=0; dir=0; type=0; pingpong=0; private_global=0; IO mode=ap_none:ce=0
Port [ mvm_sa_stream_axis_int_0ul_0ul_0ul_0_stream_axis_int_0ul_0ul_0ul_0_stream_axis_int_0ul_0ul_0ul_0_acc_3]:  wired=1; compound=0; hidden=0; nouse=0; global=1; static=1; extern=0; dir=0; type=0; pingpong=0; private_global=0; IO mode=ap_none:ce=0
---------------- STG Properties END ------------------

---------------- Datapath Model BEGIN ----------------

<LifeTime>
<method=bitvector/>
i                                                                                                           (alloca           ) [ 010]
specinterface_ln0                                                                                           (specinterface    ) [ 000]
store_ln0                                                                                                   (store            ) [ 000]
br_ln0                                                                                                      (br               ) [ 000]
i_1                                                                                                         (load             ) [ 000]
specpipeline_ln0                                                                                            (specpipeline     ) [ 000]
icmp_ln50                                                                                                   (icmp             ) [ 010]
empty                                                                                                       (speclooptripcount) [ 000]
br_ln50                                                                                                     (br               ) [ 000]
empty_10                                                                                                    (trunc            ) [ 011]
temp_last_V                                                                                                 (icmp             ) [ 011]
add_ln50                                                                                                    (add              ) [ 000]
store_ln50                                                                                                  (store            ) [ 000]
specloopname_ln50                                                                                           (specloopname     ) [ 000]
mvm_sa_stream_axis_int_0ul_0ul_0ul_0_stream_axis_int_0ul_0ul_0ul_0_stream_axis_int_0ul_0ul_0ul_0_acc_load   (load             ) [ 000]
mvm_sa_stream_axis_int_0ul_0ul_0ul_0_stream_axis_int_0ul_0ul_0ul_0_stream_axis_int_0ul_0ul_0ul_0_acc_1_load (load             ) [ 000]
mvm_sa_stream_axis_int_0ul_0ul_0ul_0_stream_axis_int_0ul_0ul_0ul_0_stream_axis_int_0ul_0ul_0ul_0_acc_2_load (load             ) [ 000]
mvm_sa_stream_axis_int_0ul_0ul_0ul_0_stream_axis_int_0ul_0ul_0ul_0_stream_axis_int_0ul_0ul_0ul_0_acc_3_load (load             ) [ 000]
temp_data                                                                                                   (mux              ) [ 000]
write_ln304                                                                                                 (write            ) [ 000]
br_ln0                                                                                                      (br               ) [ 000]
ret_ln0                                                                                                     (ret              ) [ 000]
</LifeTime>

<model>

<comp_list>
<comp id="0" class="1000" name="y_stream_V_data_V">
<pin_list>
<pin id="1" dir="1" index="0" bw="1" slack="0"/>
</pin_list>
<bind>
<StgValue><ssdm name="y_stream_V_data_V"/></StgValue>
</bind>
</comp>

<comp id="2" class="1000" name="y_stream_V_keep_V">
<pin_list>
<pin id="3" dir="1" index="0" bw="1" slack="0"/>
</pin_list>
<bind>
<StgValue><ssdm name="y_stream_V_keep_V"/></StgValue>
</bind>
</comp>

<comp id="4" class="1000" name="y_stream_V_strb_V">
<pin_list>
<pin id="5" dir="1" index="0" bw="1" slack="0"/>
</pin_list>
<bind>
<StgValue><ssdm name="y_stream_V_strb_V"/></StgValue>
</bind>
</comp>

<comp id="6" class="1000" name="y_stream_V_last_V">
<pin_list>
<pin id="7" dir="1" index="0" bw="1" slack="0"/>
</pin_list>
<bind>
<StgValue><ssdm name="y_stream_V_last_V"/></StgValue>
</bind>
</comp>

<comp id="8" class="1000" name="mvm_sa_stream_axis_int_0ul_0ul_0ul_0_stream_axis_int_0ul_0ul_0ul_0_stream_axis_int_0ul_0ul_0ul_0_acc">
<pin_list>
<pin id="9" dir="1" index="0" bw="1" slack="0"/>
</pin_list>
<bind>
<StgValue><ssdm name="mvm_sa_stream_axis_int_0ul_0ul_0ul_0_stream_axis_int_0ul_0ul_0ul_0_stream_axis_int_0ul_0ul_0ul_0_acc"/></StgValue>
</bind>
</comp>

<comp id="10" class="1000" name="mvm_sa_stream_axis_int_0ul_0ul_0ul_0_stream_axis_int_0ul_0ul_0ul_0_stream_axis_int_0ul_0ul_0ul_0_acc_1">
<pin_list>
<pin id="11" dir="1" index="0" bw="1" slack="0"/>
</pin_list>
<bind>
<StgValue><ssdm name="mvm_sa_stream_axis_int_0ul_0ul_0ul_0_stream_axis_int_0ul_0ul_0ul_0_stream_axis_int_0ul_0ul_0ul_0_acc_1"/></StgValue>
</bind>
</comp>

<comp id="12" class="1000" name="mvm_sa_stream_axis_int_0ul_0ul_0ul_0_stream_axis_int_0ul_0ul_0ul_0_stream_axis_int_0ul_0ul_0ul_0_acc_2">
<pin_list>
<pin id="13" dir="1" index="0" bw="1" slack="0"/>
</pin_list>
<bind>
<StgValue><ssdm name="mvm_sa_stream_axis_int_0ul_0ul_0ul_0_stream_axis_int_0ul_0ul_0ul_0_stream_axis_int_0ul_0ul_0ul_0_acc_2"/></StgValue>
</bind>
</comp>

<comp id="14" class="1000" name="mvm_sa_stream_axis_int_0ul_0ul_0ul_0_stream_axis_int_0ul_0ul_0ul_0_stream_axis_int_0ul_0ul_0ul_0_acc_3">
<pin_list>
<pin id="15" dir="1" index="0" bw="1" slack="0"/>
</pin_list>
<bind>
<StgValue><ssdm name="mvm_sa_stream_axis_int_0ul_0ul_0ul_0_stream_axis_int_0ul_0ul_0ul_0_stream_axis_int_0ul_0ul_0ul_0_acc_3"/></StgValue>
</bind>
</comp>

<comp id="16" class="1001" name="const_16">
<pin_list>
<pin id="17" dir="1" index="0" bw="1" slack="0"/>
</pin_list>
<bind>
<StgValue><ssdm name=""/></StgValue>
</bind>
</comp>

<comp id="18" class="1001" name="const_18">
<pin_list>
<pin id="19" dir="1" index="0" bw="1" slack="2147483647"/>
</pin_list>
<bind>
<StgValue><ssdm name="_ssdm_op_SpecInterface"/></StgValue>
</bind>
</comp>

<comp id="20" class="1001" name="const_20">
<pin_list>
<pin id="21" dir="1" index="0" bw="1" slack="2147483647"/>
</pin_list>
<bind>
<StgValue><ssdm name="empty"/></StgValue>
</bind>
</comp>

<comp id="22" class="1001" name="const_22">
<pin_list>
<pin id="23" dir="1" index="0" bw="1" slack="2147483647"/>
</pin_list>
<bind>
<StgValue><ssdm name=""/></StgValue>
</bind>
</comp>

<comp id="24" class="1001" name="const_24">
<pin_list>
<pin id="25" dir="1" index="0" bw="1" slack="2147483647"/>
</pin_list>
<bind>
<StgValue><ssdm name="empty_4"/></StgValue>
</bind>
</comp>

<comp id="26" class="1001" name="const_26">
<pin_list>
<pin id="27" dir="1" index="0" bw="1" slack="2147483647"/>
</pin_list>
<bind>
<StgValue><ssdm name="empty_5"/></StgValue>
</bind>
</comp>

<comp id="28" class="1001" name="const_28">
<pin_list>
<pin id="29" dir="1" index="0" bw="1" slack="0"/>
</pin_list>
<bind>
<StgValue><ssdm name=""/></StgValue>
</bind>
</comp>

<comp id="30" class="1001" name="const_30">
<pin_list>
<pin id="31" dir="1" index="0" bw="1" slack="2147483647"/>
</pin_list>
<bind>
<StgValue><ssdm name="_ssdm_op_SpecPipeline"/></StgValue>
</bind>
</comp>

<comp id="32" class="1001" name="const_32">
<pin_list>
<pin id="33" dir="1" index="0" bw="1" slack="2147483647"/>
</pin_list>
<bind>
<StgValue><ssdm name=""/></StgValue>
</bind>
</comp>

<comp id="34" class="1001" name="const_34">
<pin_list>
<pin id="35" dir="1" index="0" bw="1" slack="2147483647"/>
</pin_list>
<bind>
<StgValue><ssdm name="p_str"/></StgValue>
</bind>
</comp>

<comp id="36" class="1001" name="const_36">
<pin_list>
<pin id="37" dir="1" index="0" bw="1" slack="0"/>
</pin_list>
<bind>
<StgValue><ssdm name=""/></StgValue>
</bind>
</comp>

<comp id="38" class="1001" name="const_38">
<pin_list>
<pin id="39" dir="1" index="0" bw="1" slack="2147483647"/>
</pin_list>
<bind>
<StgValue><ssdm name="_ssdm_op_SpecLoopTripCount"/></StgValue>
</bind>
</comp>

<comp id="40" class="1001" name="const_40">
<pin_list>
<pin id="41" dir="1" index="0" bw="1" slack="2147483647"/>
</pin_list>
<bind>
<StgValue><ssdm name=""/></StgValue>
</bind>
</comp>

<comp id="42" class="1001" name="const_42">
<pin_list>
<pin id="43" dir="1" index="0" bw="1" slack="0"/>
</pin_list>
<bind>
<StgValue><ssdm name=""/></StgValue>
</bind>
</comp>

<comp id="44" class="1001" name="const_44">
<pin_list>
<pin id="45" dir="1" index="0" bw="1" slack="0"/>
</pin_list>
<bind>
<StgValue><ssdm name=""/></StgValue>
</bind>
</comp>

<comp id="46" class="1001" name="const_46">
<pin_list>
<pin id="47" dir="1" index="0" bw="1" slack="2147483647"/>
</pin_list>
<bind>
<StgValue><ssdm name="_ssdm_op_SpecLoopName"/></StgValue>
</bind>
</comp>

<comp id="48" class="1001" name="const_48">
<pin_list>
<pin id="49" dir="1" index="0" bw="1" slack="2147483647"/>
</pin_list>
<bind>
<StgValue><ssdm name="empty_1"/></StgValue>
</bind>
</comp>

<comp id="50" class="1001" name="const_50">
<pin_list>
<pin id="51" dir="1" index="0" bw="1" slack="0"/>
</pin_list>
<bind>
<StgValue><ssdm name="_ssdm_op_Mux.ap_auto.4i32.i2"/></StgValue>
</bind>
</comp>

<comp id="52" class="1001" name="const_52">
<pin_list>
<pin id="53" dir="1" index="0" bw="1" slack="0"/>
</pin_list>
<bind>
<StgValue><ssdm name="_ssdm_op_Write.axis.volatile.i32P0A.i4P0A.i4P0A.i1P0A"/></StgValue>
</bind>
</comp>

<comp id="54" class="1001" name="const_54">
<pin_list>
<pin id="55" dir="1" index="0" bw="1" slack="0"/>
</pin_list>
<bind>
<StgValue><ssdm name=""/></StgValue>
</bind>
</comp>

<comp id="56" class="1001" name="const_56">
<pin_list>
<pin id="57" dir="1" index="0" bw="1" slack="0"/>
</pin_list>
<bind>
<StgValue><ssdm name=""/></StgValue>
</bind>
</comp>

<comp id="58" class="1004" name="i_fu_58">
<pin_list>
<pin id="59" dir="0" index="0" bw="1" slack="0"/>
<pin id="60" dir="1" index="1" bw="4" slack="0"/>
</pin_list>
<bind>
<opcode="alloca(26) " fcode="alloca"/>
<opset="i/1 "/>
</bind>
</comp>

<comp id="62" class="1004" name="write_ln304_write_fu_62">
<pin_list>
<pin id="63" dir="0" index="0" bw="0" slack="0"/>
<pin id="64" dir="0" index="1" bw="32" slack="0"/>
<pin id="65" dir="0" index="2" bw="4" slack="0"/>
<pin id="66" dir="0" index="3" bw="4" slack="0"/>
<pin id="67" dir="0" index="4" bw="1" slack="0"/>
<pin id="68" dir="0" index="5" bw="32" slack="0"/>
<pin id="69" dir="0" index="6" bw="1" slack="0"/>
<pin id="70" dir="0" index="7" bw="1" slack="0"/>
<pin id="71" dir="0" index="8" bw="1" slack="1"/>
<pin id="72" dir="1" index="9" bw="0" slack="2147483647"/>
</pin_list>
<bind>
<opcode="write(1151) " fcode="write"/>
<opset="write_ln304/2 "/>
</bind>
</comp>

<comp id="80" class="1004" name="store_ln0_store_fu_80">
<pin_list>
<pin id="81" dir="0" index="0" bw="4" slack="0"/>
<pin id="82" dir="0" index="1" bw="4" slack="0"/>
<pin id="83" dir="1" index="2" bw="0" slack="2147483647"/>
</pin_list>
<bind>
<opcode="store(28) " fcode="store"/>
<opset="store_ln0/1 "/>
</bind>
</comp>

<comp id="85" class="1004" name="i_1_load_fu_85">
<pin_list>
<pin id="86" dir="0" index="0" bw="4" slack="0"/>
<pin id="87" dir="1" index="1" bw="4" slack="0"/>
</pin_list>
<bind>
<opcode="load(27) " fcode="load"/>
<opset="i_1/1 "/>
</bind>
</comp>

<comp id="88" class="1004" name="icmp_ln50_fu_88">
<pin_list>
<pin id="89" dir="0" index="0" bw="4" slack="0"/>
<pin id="90" dir="0" index="1" bw="4" slack="0"/>
<pin id="91" dir="1" index="2" bw="1" slack="2147483647"/>
</pin_list>
<bind>
<opcode="icmp(45) " fcode="icmp"/>
<opset="icmp_ln50/1 "/>
</bind>
</comp>

<comp id="94" class="1004" name="empty_10_fu_94">
<pin_list>
<pin id="95" dir="0" index="0" bw="4" slack="0"/>
<pin id="96" dir="1" index="1" bw="2" slack="1"/>
</pin_list>
<bind>
<opcode="trunc(33) " fcode="trunc"/>
<opset="empty_10/1 "/>
</bind>
</comp>

<comp id="98" class="1004" name="temp_last_V_fu_98">
<pin_list>
<pin id="99" dir="0" index="0" bw="4" slack="0"/>
<pin id="100" dir="0" index="1" bw="4" slack="0"/>
<pin id="101" dir="1" index="2" bw="1" slack="1"/>
</pin_list>
<bind>
<opcode="icmp(45) " fcode="icmp"/>
<opset="temp_last_V/1 "/>
</bind>
</comp>

<comp id="104" class="1004" name="add_ln50_fu_104">
<pin_list>
<pin id="105" dir="0" index="0" bw="4" slack="0"/>
<pin id="106" dir="0" index="1" bw="1" slack="0"/>
<pin id="107" dir="1" index="2" bw="4" slack="0"/>
</pin_list>
<bind>
<opcode="add(8) " fcode="add"/>
<opset="add_ln50/1 "/>
</bind>
</comp>

<comp id="110" class="1004" name="store_ln50_store_fu_110">
<pin_list>
<pin id="111" dir="0" index="0" bw="4" slack="0"/>
<pin id="112" dir="0" index="1" bw="4" slack="0"/>
<pin id="113" dir="1" index="2" bw="0" slack="2147483647"/>
</pin_list>
<bind>
<opcode="store(28) " fcode="store"/>
<opset="store_ln50/1 "/>
</bind>
</comp>

<comp id="115" class="1004" name="mvm_sa_stream_axis_int_0ul_0ul_0ul_0_stream_axis_int_0ul_0ul_0ul_0_stream_axis_int_0ul_0ul_0ul_0_acc_load_load_fu_115">
<pin_list>
<pin id="116" dir="0" index="0" bw="32" slack="0"/>
<pin id="117" dir="1" index="1" bw="32" slack="0"/>
</pin_list>
<bind>
<opcode="load(27) " fcode="load"/>
<opset="mvm_sa_stream_axis_int_0ul_0ul_0ul_0_stream_axis_int_0ul_0ul_0ul_0_stream_axis_int_0ul_0ul_0ul_0_acc_load/2 "/>
</bind>
</comp>

<comp id="119" class="1004" name="mvm_sa_stream_axis_int_0ul_0ul_0ul_0_stream_axis_int_0ul_0ul_0ul_0_stream_axis_int_0ul_0ul_0ul_0_acc_1_load_load_fu_119">
<pin_list>
<pin id="120" dir="0" index="0" bw="32" slack="0"/>
<pin id="121" dir="1" index="1" bw="32" slack="0"/>
</pin_list>
<bind>
<opcode="load(27) " fcode="load"/>
<opset="mvm_sa_stream_axis_int_0ul_0ul_0ul_0_stream_axis_int_0ul_0ul_0ul_0_stream_axis_int_0ul_0ul_0ul_0_acc_1_load/2 "/>
</bind>
</comp>

<comp id="123" class="1004" name="mvm_sa_stream_axis_int_0ul_0ul_0ul_0_stream_axis_int_0ul_0ul_0ul_0_stream_axis_int_0ul_0ul_0ul_0_acc_2_load_load_fu_123">
<pin_list>
<pin id="124" dir="0" index="0" bw="32" slack="0"/>
<pin id="125" dir="1" index="1" bw="32" slack="0"/>
</pin_list>
<bind>
<opcode="load(27) " fcode="load"/>
<opset="mvm_sa_stream_axis_int_0ul_0ul_0ul_0_stream_axis_int_0ul_0ul_0ul_0_stream_axis_int_0ul_0ul_0ul_0_acc_2_load/2 "/>
</bind>
</comp>

<comp id="127" class="1004" name="mvm_sa_stream_axis_int_0ul_0ul_0ul_0_stream_axis_int_0ul_0ul_0ul_0_stream_axis_int_0ul_0ul_0ul_0_acc_3_load_load_fu_127">
<pin_list>
<pin id="128" dir="0" index="0" bw="32" slack="0"/>
<pin id="129" dir="1" index="1" bw="32" slack="0"/>
</pin_list>
<bind>
<opcode="load(27) " fcode="load"/>
<opset="mvm_sa_stream_axis_int_0ul_0ul_0ul_0_stream_axis_int_0ul_0ul_0ul_0_stream_axis_int_0ul_0ul_0ul_0_acc_3_load/2 "/>
</bind>
</comp>

<comp id="131" class="1004" name="temp_data_fu_131">
<pin_list>
<pin id="132" dir="0" index="0" bw="32" slack="0"/>
<pin id="133" dir="0" index="1" bw="32" slack="0"/>
<pin id="134" dir="0" index="2" bw="32" slack="0"/>
<pin id="135" dir="0" index="3" bw="32" slack="0"/>
<pin id="136" dir="0" index="4" bw="32" slack="0"/>
<pin id="137" dir="0" index="5" bw="2" slack="1"/>
<pin id="138" dir="1" index="6" bw="32" slack="0"/>
</pin_list>
<bind>
<opcode="mux(1196) " fcode="mux"/>
<opset="temp_data/2 "/>
</bind>
</comp>

<comp id="145" class="1005" name="i_reg_145">
<pin_list>
<pin id="146" dir="0" index="0" bw="4" slack="0"/>
<pin id="147" dir="1" index="1" bw="4" slack="0"/>
</pin_list>
<bind>
<opset="i "/>
</bind>
</comp>

<comp id="155" class="1005" name="empty_10_reg_155">
<pin_list>
<pin id="156" dir="0" index="0" bw="2" slack="1"/>
<pin id="157" dir="1" index="1" bw="2" slack="1"/>
</pin_list>
<bind>
<opset="empty_10 "/>
</bind>
</comp>

<comp id="160" class="1005" name="temp_last_V_reg_160">
<pin_list>
<pin id="161" dir="0" index="0" bw="1" slack="1"/>
<pin id="162" dir="1" index="1" bw="1" slack="1"/>
</pin_list>
<bind>
<opset="temp_last_V "/>
</bind>
</comp>

</comp_list>

<net_list>
<net id="61"><net_src comp="16" pin="0"/><net_sink comp="58" pin=0"/></net>

<net id="73"><net_src comp="52" pin="0"/><net_sink comp="62" pin=0"/></net>

<net id="74"><net_src comp="0" pin="0"/><net_sink comp="62" pin=1"/></net>

<net id="75"><net_src comp="2" pin="0"/><net_sink comp="62" pin=2"/></net>

<net id="76"><net_src comp="4" pin="0"/><net_sink comp="62" pin=3"/></net>

<net id="77"><net_src comp="6" pin="0"/><net_sink comp="62" pin=4"/></net>

<net id="78"><net_src comp="54" pin="0"/><net_sink comp="62" pin=6"/></net>

<net id="79"><net_src comp="56" pin="0"/><net_sink comp="62" pin=7"/></net>

<net id="84"><net_src comp="28" pin="0"/><net_sink comp="80" pin=0"/></net>

<net id="92"><net_src comp="85" pin="1"/><net_sink comp="88" pin=0"/></net>

<net id="93"><net_src comp="36" pin="0"/><net_sink comp="88" pin=1"/></net>

<net id="97"><net_src comp="85" pin="1"/><net_sink comp="94" pin=0"/></net>

<net id="102"><net_src comp="85" pin="1"/><net_sink comp="98" pin=0"/></net>

<net id="103"><net_src comp="42" pin="0"/><net_sink comp="98" pin=1"/></net>

<net id="108"><net_src comp="85" pin="1"/><net_sink comp="104" pin=0"/></net>

<net id="109"><net_src comp="44" pin="0"/><net_sink comp="104" pin=1"/></net>

<net id="114"><net_src comp="104" pin="2"/><net_sink comp="110" pin=0"/></net>

<net id="118"><net_src comp="8" pin="0"/><net_sink comp="115" pin=0"/></net>

<net id="122"><net_src comp="10" pin="0"/><net_sink comp="119" pin=0"/></net>

<net id="126"><net_src comp="12" pin="0"/><net_sink comp="123" pin=0"/></net>

<net id="130"><net_src comp="14" pin="0"/><net_sink comp="127" pin=0"/></net>

<net id="139"><net_src comp="50" pin="0"/><net_sink comp="131" pin=0"/></net>

<net id="140"><net_src comp="115" pin="1"/><net_sink comp="131" pin=1"/></net>

<net id="141"><net_src comp="119" pin="1"/><net_sink comp="131" pin=2"/></net>

<net id="142"><net_src comp="123" pin="1"/><net_sink comp="131" pin=3"/></net>

<net id="143"><net_src comp="127" pin="1"/><net_sink comp="131" pin=4"/></net>

<net id="144"><net_src comp="131" pin="6"/><net_sink comp="62" pin=5"/></net>

<net id="148"><net_src comp="58" pin="1"/><net_sink comp="145" pin=0"/></net>

<net id="149"><net_src comp="145" pin="1"/><net_sink comp="80" pin=1"/></net>

<net id="150"><net_src comp="145" pin="1"/><net_sink comp="85" pin=0"/></net>

<net id="151"><net_src comp="145" pin="1"/><net_sink comp="110" pin=1"/></net>

<net id="158"><net_src comp="94" pin="1"/><net_sink comp="155" pin=0"/></net>

<net id="159"><net_src comp="155" pin="1"/><net_sink comp="131" pin=5"/></net>

<net id="163"><net_src comp="98" pin="2"/><net_sink comp="160" pin=0"/></net>

<net id="164"><net_src comp="160" pin="1"/><net_sink comp="62" pin=8"/></net>

</net_list>

</model> 
---------------- Datapath Model END ------------------

* FSMD analyzer results:
  - Output states:
	Port: y_stream_V_data_V | {2 }
	Port: y_stream_V_keep_V | {2 }
	Port: y_stream_V_strb_V | {2 }
	Port: y_stream_V_last_V | {2 }
	Port: mvm_sa_stream_axis_int_0ul_0ul_0ul_0_stream_axis_int_0ul_0ul_0ul_0_stream_axis_int_0ul_0ul_0ul_0_acc | {}
	Port: mvm_sa_stream_axis_int_0ul_0ul_0ul_0_stream_axis_int_0ul_0ul_0ul_0_stream_axis_int_0ul_0ul_0ul_0_acc_1 | {}
	Port: mvm_sa_stream_axis_int_0ul_0ul_0ul_0_stream_axis_int_0ul_0ul_0ul_0_stream_axis_int_0ul_0ul_0ul_0_acc_2 | {}
	Port: mvm_sa_stream_axis_int_0ul_0ul_0ul_0_stream_axis_int_0ul_0ul_0ul_0_stream_axis_int_0ul_0ul_0ul_0_acc_3 | {}
 - Input state : 
	Port: mvm_sa_Pipeline_write_y_loop : y_stream_V_data_V | {}
	Port: mvm_sa_Pipeline_write_y_loop : y_stream_V_keep_V | {}
	Port: mvm_sa_Pipeline_write_y_loop : y_stream_V_strb_V | {}
	Port: mvm_sa_Pipeline_write_y_loop : y_stream_V_last_V | {}
	Port: mvm_sa_Pipeline_write_y_loop : mvm_sa_stream_axis_int_0ul_0ul_0ul_0_stream_axis_int_0ul_0ul_0ul_0_stream_axis_int_0ul_0ul_0ul_0_acc | {2 }
	Port: mvm_sa_Pipeline_write_y_loop : mvm_sa_stream_axis_int_0ul_0ul_0ul_0_stream_axis_int_0ul_0ul_0ul_0_stream_axis_int_0ul_0ul_0ul_0_acc_1 | {2 }
	Port: mvm_sa_Pipeline_write_y_loop : mvm_sa_stream_axis_int_0ul_0ul_0ul_0_stream_axis_int_0ul_0ul_0ul_0_stream_axis_int_0ul_0ul_0ul_0_acc_2 | {2 }
	Port: mvm_sa_Pipeline_write_y_loop : mvm_sa_stream_axis_int_0ul_0ul_0ul_0_stream_axis_int_0ul_0ul_0ul_0_stream_axis_int_0ul_0ul_0ul_0_acc_3 | {2 }
  - Chain level:
	State 1
		store_ln0 : 1
		i_1 : 1
		icmp_ln50 : 2
		br_ln50 : 3
		empty_10 : 2
		temp_last_V : 2
		add_ln50 : 2
		store_ln50 : 3
	State 2
		temp_data : 1
		write_ln304 : 2


============================================================
+ Verbose Summary: Datapath Resource usage 
============================================================

* Functional unit list:
|----------|-------------------------|---------|---------|
| Operation|     Functional Unit     |    FF   |   LUT   |
|----------|-------------------------|---------|---------|
|    mux   |     temp_data_fu_131    |    0    |    20   |
|----------|-------------------------|---------|---------|
|   icmp   |     icmp_ln50_fu_88     |    0    |    9    |
|          |    temp_last_V_fu_98    |    0    |    9    |
|----------|-------------------------|---------|---------|
|    add   |     add_ln50_fu_104     |    0    |    13   |
|----------|-------------------------|---------|---------|
|   write  | write_ln304_write_fu_62 |    0    |    0    |
|----------|-------------------------|---------|---------|
|   trunc  |      empty_10_fu_94     |    0    |    0    |
|----------|-------------------------|---------|---------|
|   Total  |                         |    0    |    51   |
|----------|-------------------------|---------|---------|

Memories:
N/A

* Register list:
+-------------------+--------+
|                   |   FF   |
+-------------------+--------+
|  empty_10_reg_155 |    2   |
|     i_reg_145     |    4   |
|temp_last_V_reg_160|    1   |
+-------------------+--------+
|       Total       |    7   |
+-------------------+--------+

* Multiplexer (MUX) list: 
|--------|------|------|------|--------|
|  Comp  |  Pin | Size |  BW  | S x BW |
|--------|------|------|------|--------|
|  Total |      |      |      |    0   |
|--------|------|------|------|--------|



* Summary:
+-----------+--------+--------+
|           |   FF   |   LUT  |
+-----------+--------+--------+
|  Function |    0   |   51   |
|   Memory  |    -   |    -   |
|Multiplexer|    -   |    -   |
|  Register |    7   |    -   |
+-----------+--------+--------+
|   Total   |    7   |   51   |
+-----------+--------+--------+
