

================================================================
== Vitis HLS Report for 'mvm_sa'
================================================================
* Date:           Wed Jul  6 15:16:20 2022

* Version:        2021.2 (Build 3367213 on Tue Oct 19 02:47:39 MDT 2021)
* Project:        mvm_sa
* Solution:       solution1 (Vivado IP Flow Target)
* Product family: zynq
* Target device:  xc7z020-clg400-1


================================================================
== Performance Estimates
================================================================
+ Timing: 
    * Summary: 
    +--------+----------+----------+------------+
    |  Clock |  Target  | Estimated| Uncertainty|
    +--------+----------+----------+------------+
    |ap_clk  |  10.00 ns|  6.912 ns|     2.70 ns|
    +--------+----------+----------+------------+

+ Latency: 
    * Summary: 
    +---------+---------+----------+----------+-----+-----+---------+
    |  Latency (cycles) |  Latency (absolute) |  Interval | Pipeline|
    |   min   |   max   |    min   |    max   | min | max |   Type  |
    +---------+---------+----------+----------+-----+-----+---------+
    |       20|       21|  0.200 us|  0.210 us|   21|   22|       no|
    +---------+---------+----------+----------+-----+-----+---------+

    + Detail: 
        * Instance: 
        +-----------------------------------------+------------------------------+---------+---------+-----------+-----------+-----+-----+---------+
        |                                         |                              |  Latency (cycles) |   Latency (absolute)  |  Interval | Pipeline|
        |                 Instance                |            Module            |   min   |   max   |    min    |    max    | min | max |   Type  |
        +-----------------------------------------+------------------------------+---------+---------+-----------+-----------+-----+-----+---------+
        |grp_mvm_sa_Pipeline_read_x_loop_fu_84    |mvm_sa_Pipeline_read_x_loop   |        8|        8|  80.000 ns|  80.000 ns|    8|    8|       no|
        |grp_mvm_sa_Pipeline_load_A_loop_fu_112   |mvm_sa_Pipeline_load_A_loop   |       18|       18|   0.180 us|   0.180 us|   18|   18|       no|
        |grp_mvm_sa_Pipeline_write_y_loop_fu_132  |mvm_sa_Pipeline_write_y_loop  |        6|        6|  60.000 ns|  60.000 ns|    6|    6|       no|
        +-----------------------------------------+------------------------------+---------+---------+-----------+-----------+-----+-----+---------+

        * Loop: 
        N/A



================================================================
== Utilization Estimates
================================================================
* Summary: 
+-----------------+---------+-----+--------+-------+-----+
|       Name      | BRAM_18K| DSP |   FF   |  LUT  | URAM|
+-----------------+---------+-----+--------+-------+-----+
|DSP              |        -|    -|       -|      -|    -|
|Expression       |        -|    -|       0|      4|    -|
|FIFO             |        -|    -|       -|      -|    -|
|Instance         |        -|    3|     451|    777|    -|
|Memory           |        -|    -|       -|      -|    -|
|Multiplexer      |        -|    -|       -|     66|    -|
|Register         |        -|    -|     268|      -|    -|
+-----------------+---------+-----+--------+-------+-----+
|Total            |        0|    3|     719|    847|    0|
+-----------------+---------+-----+--------+-------+-----+
|Available        |      280|  220|  106400|  53200|    0|
+-----------------+---------+-----+--------+-------+-----+
|Utilization (%)  |        0|    1|      ~0|      1|    0|
+-----------------+---------+-----+--------+-------+-----+

+ Detail: 
    * Instance: 
    +-----------------------------------------+------------------------------+---------+----+-----+-----+-----+
    |                 Instance                |            Module            | BRAM_18K| DSP|  FF | LUT | URAM|
    +-----------------------------------------+------------------------------+---------+----+-----+-----+-----+
    |grp_mvm_sa_Pipeline_load_A_loop_fu_112   |mvm_sa_Pipeline_load_A_loop   |        0|   0|  105|  269|    0|
    |grp_mvm_sa_Pipeline_read_x_loop_fu_84    |mvm_sa_Pipeline_read_x_loop   |        0|   3|  336|  408|    0|
    |grp_mvm_sa_Pipeline_write_y_loop_fu_132  |mvm_sa_Pipeline_write_y_loop  |        0|   0|   10|  100|    0|
    +-----------------------------------------+------------------------------+---------+----+-----+-----+-----+
    |Total                                    |                              |        0|   3|  451|  777|    0|
    +-----------------------------------------+------------------------------+---------+----+-----+-----+-----+

    * DSP: 
    N/A

    * Memory: 
    N/A

    * FIFO: 
    N/A

    * Expression: 
    +---------------------------------------------------------+----------+----+---+----+------------+------------+
    |                      Variable Name                      | Operation| DSP| FF| LUT| Bitwidth P0| Bitwidth P1|
    +---------------------------------------------------------+----------+----+---+----+------------+------------+
    |grp_mvm_sa_Pipeline_write_y_loop_fu_132_y_stream_TREADY  |       and|   0|  0|   2|           1|           1|
    |tmp_nbreadreq_fu_70_p6                                   |       and|   0|  0|   2|           1|           0|
    +---------------------------------------------------------+----------+----+---+----+------------+------------+
    |Total                                                    |          |   0|  0|   4|           2|           1|
    +---------------------------------------------------------+----------+----+---+----+------------+------------+

    * Multiplexer: 
    +------------------------------+----+-----------+-----+-----------+
    |             Name             | LUT| Input Size| Bits| Total Bits|
    +------------------------------+----+-----------+-----+-----------+
    |A_stream_TREADY_int_regslice  |   9|          2|    1|          2|
    |ap_NS_fsm                     |  48|          9|    1|          9|
    |x_stream_TREADY_int_regslice  |   9|          2|    1|          2|
    +------------------------------+----+-----------+-----+-----------+
    |Total                         |  66|         13|    3|         13|
    +------------------------------+----+-----------+-----+-----------+

    * Register: 
    +-------------------------------------------------------------------------------------------------------------+----+----+-----+-----------+
    |                                                     Name                                                    | FF | LUT| Bits| Const Bits|
    +-------------------------------------------------------------------------------------------------------------+----+----+-----+-----------+
    |ap_CS_fsm                                                                                                    |   8|   0|    8|          0|
    |grp_mvm_sa_Pipeline_load_A_loop_fu_112_ap_start_reg                                                          |   1|   0|    1|          0|
    |grp_mvm_sa_Pipeline_read_x_loop_fu_84_ap_start_reg                                                           |   1|   0|    1|          0|
    |grp_mvm_sa_Pipeline_write_y_loop_fu_132_ap_start_reg                                                         |   1|   0|    1|          0|
    |mvm_sa_stream_axis_int_0ul_0ul_0ul_0_stream_axis_int_0ul_0ul_0ul_0_stream_axis_int_0ul_0ul_0ul_0_A_local_0   |  32|   0|   32|          0|
    |mvm_sa_stream_axis_int_0ul_0ul_0ul_0_stream_axis_int_0ul_0ul_0ul_0_stream_axis_int_0ul_0ul_0ul_0_A_local_11  |  32|   0|   32|          0|
    |mvm_sa_stream_axis_int_0ul_0ul_0ul_0_stream_axis_int_0ul_0ul_0ul_0_stream_axis_int_0ul_0ul_0ul_0_A_local_22  |  32|   0|   32|          0|
    |mvm_sa_stream_axis_int_0ul_0ul_0ul_0_stream_axis_int_0ul_0ul_0ul_0_stream_axis_int_0ul_0ul_0ul_0_A_local_33  |  32|   0|   32|          0|
    |mvm_sa_stream_axis_int_0ul_0ul_0ul_0_stream_axis_int_0ul_0ul_0ul_0_stream_axis_int_0ul_0ul_0ul_0_acc         |  32|   0|   32|          0|
    |mvm_sa_stream_axis_int_0ul_0ul_0ul_0_stream_axis_int_0ul_0ul_0ul_0_stream_axis_int_0ul_0ul_0ul_0_acc_1       |  32|   0|   32|          0|
    |mvm_sa_stream_axis_int_0ul_0ul_0ul_0_stream_axis_int_0ul_0ul_0ul_0_stream_axis_int_0ul_0ul_0ul_0_acc_2       |  32|   0|   32|          0|
    |mvm_sa_stream_axis_int_0ul_0ul_0ul_0_stream_axis_int_0ul_0ul_0ul_0_stream_axis_int_0ul_0ul_0ul_0_acc_3       |  32|   0|   32|          0|
    |tmp_reg_152                                                                                                  |   1|   0|    1|          0|
    +-------------------------------------------------------------------------------------------------------------+----+----+-----+-----------+
    |Total                                                                                                        | 268|   0|  268|          0|
    +-------------------------------------------------------------------------------------------------------------+----+----+-----+-----------+



================================================================
== Interface
================================================================
* Summary: 
+-------------------+-----+-----+--------------+-------------------+--------------+
|     RTL Ports     | Dir | Bits|   Protocol   |   Source Object   |    C Type    |
+-------------------+-----+-----+--------------+-------------------+--------------+
|ap_local_block     |  out|    1|  ap_ctrl_none|             mvm_sa|  return value|
|ap_local_deadlock  |  out|    1|  ap_ctrl_none|             mvm_sa|  return value|
|ap_clk             |   in|    1|  ap_ctrl_none|             mvm_sa|  return value|
|ap_rst_n           |   in|    1|  ap_ctrl_none|             mvm_sa|  return value|
|A_stream_TDATA     |   in|   32|          axis|  A_stream_V_data_V|       pointer|
|A_stream_TVALID    |   in|    1|          axis|  A_stream_V_last_V|       pointer|
|A_stream_TREADY    |  out|    1|          axis|  A_stream_V_last_V|       pointer|
|A_stream_TLAST     |   in|    1|          axis|  A_stream_V_last_V|       pointer|
|A_stream_TKEEP     |   in|    4|          axis|  A_stream_V_keep_V|       pointer|
|A_stream_TSTRB     |   in|    4|          axis|  A_stream_V_strb_V|       pointer|
|x_stream_TDATA     |   in|   32|          axis|  x_stream_V_data_V|       pointer|
|x_stream_TVALID    |   in|    1|          axis|  x_stream_V_last_V|       pointer|
|x_stream_TREADY    |  out|    1|          axis|  x_stream_V_last_V|       pointer|
|x_stream_TLAST     |   in|    1|          axis|  x_stream_V_last_V|       pointer|
|x_stream_TKEEP     |   in|    4|          axis|  x_stream_V_keep_V|       pointer|
|x_stream_TSTRB     |   in|    4|          axis|  x_stream_V_strb_V|       pointer|
|y_stream_TDATA     |  out|   32|          axis|  y_stream_V_data_V|       pointer|
|y_stream_TVALID    |  out|    1|          axis|  y_stream_V_last_V|       pointer|
|y_stream_TREADY    |   in|    1|          axis|  y_stream_V_last_V|       pointer|
|y_stream_TLAST     |  out|    1|          axis|  y_stream_V_last_V|       pointer|
|y_stream_TKEEP     |  out|    4|          axis|  y_stream_V_keep_V|       pointer|
|y_stream_TSTRB     |  out|    4|          axis|  y_stream_V_strb_V|       pointer|
+-------------------+-----+-----+--------------+-------------------+--------------+

============================================================
+ Verbose Summary: Synthesis Manager
============================================================
InlineROM: 1
ExposeGlobal: 0
============================================================
+ Verbose Summary: CDFG Model
============================================================
IsTopModel: 1
ResetActiveHigh: 1
IsCombinational: 2
IsDatapathOnly: 2
HasWiredReturn: 1
HasMFsm: 0
HasVarLatency: 1
IsPipeline: 0
IsRtlPipelined: 0
IsInstanceOverlapped: 0
IsDontTouch: 0
HasImplIP: 0
IsGatedGlobalClock: 0


============================================================
+ Verbose Summary: Schedule
============================================================
* Number of FSM states : 8
* Pipeline : 0
* Dataflow Pipeline: 0

* FSM state transitions: 
1 --> 2 
2 --> 3 7 
3 --> 4 
4 --> 5 
5 --> 6 
6 --> 8 
7 --> 8 
8 --> 

* FSM state operations: 

State 1 <SV = 0> <Delay = 0.00>
ST_1 : Operation 9 [1/1] (0.00ns)   --->   "%tmp = nbreadreq i1 @_ssdm_op_NbReadReq.axis.i32P0A.i4P0A.i4P0A.i1P0A, i32 %A_stream_V_data_V, i4 %A_stream_V_keep_V, i4 %A_stream_V_strb_V, i1 %A_stream_V_last_V, i32 1"   --->   Operation 9 'nbreadreq' 'tmp' <Predicate = true> <Delay = 0.00> <CoreInst = "axis">   --->   Core 115 'axis' <Latency = 0> <II = 1> <Delay = 1.00> <Adapter> <Opcode : >

State 2 <SV = 1> <Delay = 0.00>
ST_2 : Operation 10 [1/1] (0.00ns)   --->   "%spectopmodule_ln0 = spectopmodule void @_ssdm_op_SpecTopModule, void @empty_6"   --->   Operation 10 'spectopmodule' 'spectopmodule_ln0' <Predicate = true> <Delay = 0.00>
ST_2 : Operation 11 [1/1] (0.00ns)   --->   "%specinterface_ln0 = specinterface void @_ssdm_op_SpecInterface, i32 0, void @empty_0, i32 0, i32 0, void @empty_5, i32 0, i32 0, void @empty_5, void @empty_5, void @empty_5, i32 0, i32 0, i32 0, i32 0, void @empty_5, void @empty_5"   --->   Operation 11 'specinterface' 'specinterface_ln0' <Predicate = true> <Delay = 0.00>
ST_2 : Operation 12 [1/1] (0.00ns)   --->   "%specinterface_ln0 = specinterface void @_ssdm_op_SpecInterface, i32 %A_stream_V_data_V, i4 %A_stream_V_keep_V, i4 %A_stream_V_strb_V, i1 %A_stream_V_last_V, void @empty, i32 1, i32 1, void @empty_4, i32 0, i32 0, void @empty_5, void @empty_5, void @empty_5, i32 0, i32 0, i32 0, i32 0, void @empty_5, void @empty_5"   --->   Operation 12 'specinterface' 'specinterface_ln0' <Predicate = true> <Delay = 0.00>
ST_2 : Operation 13 [1/1] (0.00ns)   --->   "%specbitsmap_ln0 = specbitsmap void @_ssdm_op_SpecBitsMap, i32 %A_stream_V_data_V"   --->   Operation 13 'specbitsmap' 'specbitsmap_ln0' <Predicate = true> <Delay = 0.00>
ST_2 : Operation 14 [1/1] (0.00ns)   --->   "%specbitsmap_ln0 = specbitsmap void @_ssdm_op_SpecBitsMap, i4 %A_stream_V_keep_V"   --->   Operation 14 'specbitsmap' 'specbitsmap_ln0' <Predicate = true> <Delay = 0.00>
ST_2 : Operation 15 [1/1] (0.00ns)   --->   "%specbitsmap_ln0 = specbitsmap void @_ssdm_op_SpecBitsMap, i4 %A_stream_V_strb_V"   --->   Operation 15 'specbitsmap' 'specbitsmap_ln0' <Predicate = true> <Delay = 0.00>
ST_2 : Operation 16 [1/1] (0.00ns)   --->   "%specbitsmap_ln0 = specbitsmap void @_ssdm_op_SpecBitsMap, i1 %A_stream_V_last_V"   --->   Operation 16 'specbitsmap' 'specbitsmap_ln0' <Predicate = true> <Delay = 0.00>
ST_2 : Operation 17 [1/1] (0.00ns)   --->   "%specinterface_ln0 = specinterface void @_ssdm_op_SpecInterface, i32 %x_stream_V_data_V, i4 %x_stream_V_keep_V, i4 %x_stream_V_strb_V, i1 %x_stream_V_last_V, void @empty, i32 1, i32 1, void @empty_4, i32 0, i32 0, void @empty_5, void @empty_5, void @empty_5, i32 0, i32 0, i32 0, i32 0, void @empty_5, void @empty_5"   --->   Operation 17 'specinterface' 'specinterface_ln0' <Predicate = true> <Delay = 0.00>
ST_2 : Operation 18 [1/1] (0.00ns)   --->   "%specbitsmap_ln0 = specbitsmap void @_ssdm_op_SpecBitsMap, i32 %x_stream_V_data_V"   --->   Operation 18 'specbitsmap' 'specbitsmap_ln0' <Predicate = true> <Delay = 0.00>
ST_2 : Operation 19 [1/1] (0.00ns)   --->   "%specbitsmap_ln0 = specbitsmap void @_ssdm_op_SpecBitsMap, i4 %x_stream_V_keep_V"   --->   Operation 19 'specbitsmap' 'specbitsmap_ln0' <Predicate = true> <Delay = 0.00>
ST_2 : Operation 20 [1/1] (0.00ns)   --->   "%specbitsmap_ln0 = specbitsmap void @_ssdm_op_SpecBitsMap, i4 %x_stream_V_strb_V"   --->   Operation 20 'specbitsmap' 'specbitsmap_ln0' <Predicate = true> <Delay = 0.00>
ST_2 : Operation 21 [1/1] (0.00ns)   --->   "%specbitsmap_ln0 = specbitsmap void @_ssdm_op_SpecBitsMap, i1 %x_stream_V_last_V"   --->   Operation 21 'specbitsmap' 'specbitsmap_ln0' <Predicate = true> <Delay = 0.00>
ST_2 : Operation 22 [1/1] (0.00ns)   --->   "%specinterface_ln0 = specinterface void @_ssdm_op_SpecInterface, i32 %y_stream_V_data_V, i4 %y_stream_V_keep_V, i4 %y_stream_V_strb_V, i1 %y_stream_V_last_V, void @empty, i32 1, i32 1, void @empty_4, i32 0, i32 0, void @empty_5, void @empty_5, void @empty_5, i32 0, i32 0, i32 0, i32 0, void @empty_5, void @empty_5"   --->   Operation 22 'specinterface' 'specinterface_ln0' <Predicate = true> <Delay = 0.00>
ST_2 : Operation 23 [1/1] (0.00ns)   --->   "%specbitsmap_ln0 = specbitsmap void @_ssdm_op_SpecBitsMap, i32 %y_stream_V_data_V"   --->   Operation 23 'specbitsmap' 'specbitsmap_ln0' <Predicate = true> <Delay = 0.00>
ST_2 : Operation 24 [1/1] (0.00ns)   --->   "%specbitsmap_ln0 = specbitsmap void @_ssdm_op_SpecBitsMap, i4 %y_stream_V_keep_V"   --->   Operation 24 'specbitsmap' 'specbitsmap_ln0' <Predicate = true> <Delay = 0.00>
ST_2 : Operation 25 [1/1] (0.00ns)   --->   "%specbitsmap_ln0 = specbitsmap void @_ssdm_op_SpecBitsMap, i4 %y_stream_V_strb_V"   --->   Operation 25 'specbitsmap' 'specbitsmap_ln0' <Predicate = true> <Delay = 0.00>
ST_2 : Operation 26 [1/1] (0.00ns)   --->   "%specbitsmap_ln0 = specbitsmap void @_ssdm_op_SpecBitsMap, i1 %y_stream_V_last_V"   --->   Operation 26 'specbitsmap' 'specbitsmap_ln0' <Predicate = true> <Delay = 0.00>
ST_2 : Operation 27 [1/1] (0.00ns)   --->   "%empty = wait i32 @_ssdm_op_Wait"   --->   Operation 27 'wait' 'empty' <Predicate = true> <Delay = 0.00>
ST_2 : Operation 28 [1/1] (0.00ns)   --->   "%br_ln17 = br i1 %tmp, void %.preheader5.preheader, void %.preheader.preheader" [mvm_sa.cpp:17]   --->   Operation 28 'br' 'br_ln17' <Predicate = true> <Delay = 0.00>
ST_2 : Operation 29 [2/2] (0.00ns)   --->   "%call_ln0 = call void @mvm_sa_Pipeline_read_x_loop, i32 %x_stream_V_data_V, i4 %x_stream_V_keep_V, i4 %x_stream_V_strb_V, i1 %x_stream_V_last_V, i32 %mvm_sa_stream_axis_int_0ul_0ul_0ul_0_stream_axis_int_0ul_0ul_0ul_0_stream_axis_int_0ul_0ul_0ul_0_acc, i32 %mvm_sa_stream_axis_int_0ul_0ul_0ul_0_stream_axis_int_0ul_0ul_0ul_0_stream_axis_int_0ul_0ul_0ul_0_A_local_0, i32 %mvm_sa_stream_axis_int_0ul_0ul_0ul_0_stream_axis_int_0ul_0ul_0ul_0_stream_axis_int_0ul_0ul_0ul_0_A_local_11, i32 %mvm_sa_stream_axis_int_0ul_0ul_0ul_0_stream_axis_int_0ul_0ul_0ul_0_stream_axis_int_0ul_0ul_0ul_0_A_local_22, i32 %mvm_sa_stream_axis_int_0ul_0ul_0ul_0_stream_axis_int_0ul_0ul_0ul_0_stream_axis_int_0ul_0ul_0ul_0_A_local_33, i32 %mvm_sa_stream_axis_int_0ul_0ul_0ul_0_stream_axis_int_0ul_0ul_0ul_0_stream_axis_int_0ul_0ul_0ul_0_acc_1, i32 %mvm_sa_stream_axis_int_0ul_0ul_0ul_0_stream_axis_int_0ul_0ul_0ul_0_stream_axis_int_0ul_0ul_0ul_0_acc_2, i32 %mvm_sa_stream_axis_int_0ul_0ul_0ul_0_stream_axis_int_0ul_0ul_0ul_0_stream_axis_int_0ul_0ul_0ul_0_acc_3"   --->   Operation 29 'call' 'call_ln0' <Predicate = (!tmp)> <Delay = 0.00> <CoreType = "Generic">   --->   Core 0 '' <Latency = 0> <II = 1> <Delay = 1.00> <Generic> <Opcode : >
ST_2 : Operation 30 [2/2] (0.00ns)   --->   "%call_ln0 = call void @mvm_sa_Pipeline_load_A_loop, i32 %A_stream_V_data_V, i4 %A_stream_V_keep_V, i4 %A_stream_V_strb_V, i1 %A_stream_V_last_V, i32 %mvm_sa_stream_axis_int_0ul_0ul_0ul_0_stream_axis_int_0ul_0ul_0ul_0_stream_axis_int_0ul_0ul_0ul_0_A_local_0, i32 %mvm_sa_stream_axis_int_0ul_0ul_0ul_0_stream_axis_int_0ul_0ul_0ul_0_stream_axis_int_0ul_0ul_0ul_0_A_local_11, i32 %mvm_sa_stream_axis_int_0ul_0ul_0ul_0_stream_axis_int_0ul_0ul_0ul_0_stream_axis_int_0ul_0ul_0ul_0_A_local_22, i32 %mvm_sa_stream_axis_int_0ul_0ul_0ul_0_stream_axis_int_0ul_0ul_0ul_0_stream_axis_int_0ul_0ul_0ul_0_A_local_33"   --->   Operation 30 'call' 'call_ln0' <Predicate = (tmp)> <Delay = 0.00> <CoreType = "Generic">   --->   Core 0 '' <Latency = 0> <II = 1> <Delay = 1.00> <Generic> <Opcode : >

State 3 <SV = 2> <Delay = 0.00>
ST_3 : Operation 31 [1/2] (0.00ns)   --->   "%call_ln0 = call void @mvm_sa_Pipeline_read_x_loop, i32 %x_stream_V_data_V, i4 %x_stream_V_keep_V, i4 %x_stream_V_strb_V, i1 %x_stream_V_last_V, i32 %mvm_sa_stream_axis_int_0ul_0ul_0ul_0_stream_axis_int_0ul_0ul_0ul_0_stream_axis_int_0ul_0ul_0ul_0_acc, i32 %mvm_sa_stream_axis_int_0ul_0ul_0ul_0_stream_axis_int_0ul_0ul_0ul_0_stream_axis_int_0ul_0ul_0ul_0_A_local_0, i32 %mvm_sa_stream_axis_int_0ul_0ul_0ul_0_stream_axis_int_0ul_0ul_0ul_0_stream_axis_int_0ul_0ul_0ul_0_A_local_11, i32 %mvm_sa_stream_axis_int_0ul_0ul_0ul_0_stream_axis_int_0ul_0ul_0ul_0_stream_axis_int_0ul_0ul_0ul_0_A_local_22, i32 %mvm_sa_stream_axis_int_0ul_0ul_0ul_0_stream_axis_int_0ul_0ul_0ul_0_stream_axis_int_0ul_0ul_0ul_0_A_local_33, i32 %mvm_sa_stream_axis_int_0ul_0ul_0ul_0_stream_axis_int_0ul_0ul_0ul_0_stream_axis_int_0ul_0ul_0ul_0_acc_1, i32 %mvm_sa_stream_axis_int_0ul_0ul_0ul_0_stream_axis_int_0ul_0ul_0ul_0_stream_axis_int_0ul_0ul_0ul_0_acc_2, i32 %mvm_sa_stream_axis_int_0ul_0ul_0ul_0_stream_axis_int_0ul_0ul_0ul_0_stream_axis_int_0ul_0ul_0ul_0_acc_3"   --->   Operation 31 'call' 'call_ln0' <Predicate = true> <Delay = 0.00> <CoreType = "Generic">   --->   Core 0 '' <Latency = 0> <II = 1> <Delay = 1.00> <Generic> <Opcode : >

State 4 <SV = 3> <Delay = 0.00>
ST_4 : Operation 32 [1/1] (0.00ns)   --->   "%empty_13 = wait i32 @_ssdm_op_Wait"   --->   Operation 32 'wait' 'empty_13' <Predicate = true> <Delay = 0.00>

State 5 <SV = 4> <Delay = 0.00>
ST_5 : Operation 33 [1/1] (0.00ns)   --->   "%empty_14 = wait i32 @_ssdm_op_Wait"   --->   Operation 33 'wait' 'empty_14' <Predicate = true> <Delay = 0.00>
ST_5 : Operation 34 [2/2] (0.00ns)   --->   "%call_ln0 = call void @mvm_sa_Pipeline_write_y_loop, i32 %y_stream_V_data_V, i4 %y_stream_V_keep_V, i4 %y_stream_V_strb_V, i1 %y_stream_V_last_V, i32 %mvm_sa_stream_axis_int_0ul_0ul_0ul_0_stream_axis_int_0ul_0ul_0ul_0_stream_axis_int_0ul_0ul_0ul_0_acc, i32 %mvm_sa_stream_axis_int_0ul_0ul_0ul_0_stream_axis_int_0ul_0ul_0ul_0_stream_axis_int_0ul_0ul_0ul_0_acc_1, i32 %mvm_sa_stream_axis_int_0ul_0ul_0ul_0_stream_axis_int_0ul_0ul_0ul_0_stream_axis_int_0ul_0ul_0ul_0_acc_2, i32 %mvm_sa_stream_axis_int_0ul_0ul_0ul_0_stream_axis_int_0ul_0ul_0ul_0_stream_axis_int_0ul_0ul_0ul_0_acc_3"   --->   Operation 34 'call' 'call_ln0' <Predicate = true> <Delay = 0.00> <CoreType = "Generic">   --->   Core 0 '' <Latency = 0> <II = 1> <Delay = 1.00> <Generic> <Opcode : >

State 6 <SV = 5> <Delay = 1.82>
ST_6 : Operation 35 [1/2] (1.82ns)   --->   "%call_ln0 = call void @mvm_sa_Pipeline_write_y_loop, i32 %y_stream_V_data_V, i4 %y_stream_V_keep_V, i4 %y_stream_V_strb_V, i1 %y_stream_V_last_V, i32 %mvm_sa_stream_axis_int_0ul_0ul_0ul_0_stream_axis_int_0ul_0ul_0ul_0_stream_axis_int_0ul_0ul_0ul_0_acc, i32 %mvm_sa_stream_axis_int_0ul_0ul_0ul_0_stream_axis_int_0ul_0ul_0ul_0_stream_axis_int_0ul_0ul_0ul_0_acc_1, i32 %mvm_sa_stream_axis_int_0ul_0ul_0ul_0_stream_axis_int_0ul_0ul_0ul_0_stream_axis_int_0ul_0ul_0ul_0_acc_2, i32 %mvm_sa_stream_axis_int_0ul_0ul_0ul_0_stream_axis_int_0ul_0ul_0ul_0_stream_axis_int_0ul_0ul_0ul_0_acc_3"   --->   Operation 35 'call' 'call_ln0' <Predicate = true> <Delay = 1.82> <CoreType = "Generic">   --->   Core 0 '' <Latency = 0> <II = 1> <Delay = 1.00> <Generic> <Opcode : >
ST_6 : Operation 36 [1/1] (0.00ns)   --->   "%br_ln0 = br void %.loopexit"   --->   Operation 36 'br' 'br_ln0' <Predicate = true> <Delay = 0.00>

State 7 <SV = 2> <Delay = 0.00>
ST_7 : Operation 37 [1/2] (0.00ns)   --->   "%call_ln0 = call void @mvm_sa_Pipeline_load_A_loop, i32 %A_stream_V_data_V, i4 %A_stream_V_keep_V, i4 %A_stream_V_strb_V, i1 %A_stream_V_last_V, i32 %mvm_sa_stream_axis_int_0ul_0ul_0ul_0_stream_axis_int_0ul_0ul_0ul_0_stream_axis_int_0ul_0ul_0ul_0_A_local_0, i32 %mvm_sa_stream_axis_int_0ul_0ul_0ul_0_stream_axis_int_0ul_0ul_0ul_0_stream_axis_int_0ul_0ul_0ul_0_A_local_11, i32 %mvm_sa_stream_axis_int_0ul_0ul_0ul_0_stream_axis_int_0ul_0ul_0ul_0_stream_axis_int_0ul_0ul_0ul_0_A_local_22, i32 %mvm_sa_stream_axis_int_0ul_0ul_0ul_0_stream_axis_int_0ul_0ul_0ul_0_stream_axis_int_0ul_0ul_0ul_0_A_local_33"   --->   Operation 37 'call' 'call_ln0' <Predicate = true> <Delay = 0.00> <CoreType = "Generic">   --->   Core 0 '' <Latency = 0> <II = 1> <Delay = 1.00> <Generic> <Opcode : >
ST_7 : Operation 38 [1/1] (0.00ns)   --->   "%br_ln0 = br void %.loopexit"   --->   Operation 38 'br' 'br_ln0' <Predicate = true> <Delay = 0.00>

State 8 <SV = 6> <Delay = 0.00>
ST_8 : Operation 39 [1/1] (0.00ns)   --->   "%ret_ln68 = ret" [mvm_sa.cpp:68]   --->   Operation 39 'ret' 'ret_ln68' <Predicate = true> <Delay = 0.00>


============================================================
+ Verbose Summary: Binding
============================================================
STG Binding: 
---------------- STG Properties BEGIN ----------------
- Is combinational: 0
- Is one-state seq: 0
- Is datapath-only: 0
- Is pipelined: 0
- Is top level: 1
Port [ Return ] is wired: 1; IO mode=ap_ctrl_none:ce=0
Port [ A_stream_V_data_V]:  wired=1; compound=1; hidden=0; nouse=0; global=0; static=0; extern=0; dir=0; type=0; pingpong=0; private_global=0; IO mode=axis:ce=0
Port [ A_stream_V_keep_V]:  wired=1; compound=1; hidden=0; nouse=0; global=0; static=0; extern=0; dir=0; type=0; pingpong=0; private_global=0; IO mode=axis:ce=0
Port [ A_stream_V_strb_V]:  wired=1; compound=1; hidden=0; nouse=0; global=0; static=0; extern=0; dir=0; type=0; pingpong=0; private_global=0; IO mode=axis:ce=0
Port [ A_stream_V_last_V]:  wired=1; compound=1; hidden=0; nouse=0; global=0; static=0; extern=0; dir=0; type=0; pingpong=0; private_global=0; IO mode=axis:ce=0
Port [ x_stream_V_data_V]:  wired=1; compound=1; hidden=0; nouse=0; global=0; static=0; extern=0; dir=0; type=0; pingpong=0; private_global=0; IO mode=axis:ce=0
Port [ x_stream_V_keep_V]:  wired=1; compound=1; hidden=0; nouse=0; global=0; static=0; extern=0; dir=0; type=0; pingpong=0; private_global=0; IO mode=axis:ce=0
Port [ x_stream_V_strb_V]:  wired=1; compound=1; hidden=0; nouse=0; global=0; static=0; extern=0; dir=0; type=0; pingpong=0; private_global=0; IO mode=axis:ce=0
Port [ x_stream_V_last_V]:  wired=1; compound=1; hidden=0; nouse=0; global=0; static=0; extern=0; dir=0; type=0; pingpong=0; private_global=0; IO mode=axis:ce=0
Port [ y_stream_V_data_V]:  wired=1; compound=1; hidden=0; nouse=0; global=0; static=0; extern=0; dir=1; type=0; pingpong=0; private_global=0; IO mode=axis:ce=0
Port [ y_stream_V_keep_V]:  wired=1; compound=1; hidden=0; nouse=0; global=0; static=0; extern=0; dir=1; type=0; pingpong=0; private_global=0; IO mode=axis:ce=0
Port [ y_stream_V_strb_V]:  wired=1; compound=1; hidden=0; nouse=0; global=0; static=0; extern=0; dir=1; type=0; pingpong=0; private_global=0; IO mode=axis:ce=0
Port [ y_stream_V_last_V]:  wired=1; compound=1; hidden=0; nouse=0; global=0; static=0; extern=0; dir=1; type=0; pingpong=0; private_global=0; IO mode=axis:ce=0
Port [ mvm_sa_stream_axis_int_0ul_0ul_0ul_0_stream_axis_int_0ul_0ul_0ul_0_stream_axis_int_0ul_0ul_0ul_0_A_local_0]:  wired=0; compound=0; hidden=1; nouse=0; global=1; static=1; extern=0; dir=2; type=0; pingpong=0; private_global=1; IO mode=ap_ovld:ce=0
Port [ mvm_sa_stream_axis_int_0ul_0ul_0ul_0_stream_axis_int_0ul_0ul_0ul_0_stream_axis_int_0ul_0ul_0ul_0_A_local_11]:  wired=0; compound=0; hidden=1; nouse=0; global=1; static=1; extern=0; dir=2; type=0; pingpong=0; private_global=1; IO mode=ap_ovld:ce=0
Port [ mvm_sa_stream_axis_int_0ul_0ul_0ul_0_stream_axis_int_0ul_0ul_0ul_0_stream_axis_int_0ul_0ul_0ul_0_A_local_22]:  wired=0; compound=0; hidden=1; nouse=0; global=1; static=1; extern=0; dir=2; type=0; pingpong=0; private_global=1; IO mode=ap_ovld:ce=0
Port [ mvm_sa_stream_axis_int_0ul_0ul_0ul_0_stream_axis_int_0ul_0ul_0ul_0_stream_axis_int_0ul_0ul_0ul_0_A_local_33]:  wired=0; compound=0; hidden=1; nouse=0; global=1; static=1; extern=0; dir=2; type=0; pingpong=0; private_global=1; IO mode=ap_ovld:ce=0
Port [ mvm_sa_stream_axis_int_0ul_0ul_0ul_0_stream_axis_int_0ul_0ul_0ul_0_stream_axis_int_0ul_0ul_0ul_0_acc]:  wired=0; compound=0; hidden=1; nouse=0; global=1; static=1; extern=0; dir=2; type=0; pingpong=0; private_global=1; IO mode=ap_ovld:ce=0
Port [ mvm_sa_stream_axis_int_0ul_0ul_0ul_0_stream_axis_int_0ul_0ul_0ul_0_stream_axis_int_0ul_0ul_0ul_0_acc_1]:  wired=0; compound=0; hidden=1; nouse=0; global=1; static=1; extern=0; dir=2; type=0; pingpong=0; private_global=1; IO mode=ap_ovld:ce=0
Port [ mvm_sa_stream_axis_int_0ul_0ul_0ul_0_stream_axis_int_0ul_0ul_0ul_0_stream_axis_int_0ul_0ul_0ul_0_acc_2]:  wired=0; compound=0; hidden=1; nouse=0; global=1; static=1; extern=0; dir=2; type=0; pingpong=0; private_global=1; IO mode=ap_ovld:ce=0
Port [ mvm_sa_stream_axis_int_0ul_0ul_0ul_0_stream_axis_int_0ul_0ul_0ul_0_stream_axis_int_0ul_0ul_0ul_0_acc_3]:  wired=0; compound=0; hidden=1; nouse=0; global=1; static=1; extern=0; dir=2; type=0; pingpong=0; private_global=1; IO mode=ap_ovld:ce=0
---------------- STG Properties END ------------------

---------------- Datapath Model BEGIN ----------------

<LifeTime>
<method=bitvector/>
tmp               (nbreadreq    ) [ 001000000]
spectopmodule_ln0 (spectopmodule) [ 000000000]
specinterface_ln0 (specinterface) [ 000000000]
specinterface_ln0 (specinterface) [ 000000000]
specbitsmap_ln0   (specbitsmap  ) [ 000000000]
specbitsmap_ln0   (specbitsmap  ) [ 000000000]
specbitsmap_ln0   (specbitsmap  ) [ 000000000]
specbitsmap_ln0   (specbitsmap  ) [ 000000000]
specinterface_ln0 (specinterface) [ 000000000]
specbitsmap_ln0   (specbitsmap  ) [ 000000000]
specbitsmap_ln0   (specbitsmap  ) [ 000000000]
specbitsmap_ln0   (specbitsmap  ) [ 000000000]
specbitsmap_ln0   (specbitsmap  ) [ 000000000]
specinterface_ln0 (specinterface) [ 000000000]
specbitsmap_ln0   (specbitsmap  ) [ 000000000]
specbitsmap_ln0   (specbitsmap  ) [ 000000000]
specbitsmap_ln0   (specbitsmap  ) [ 000000000]
specbitsmap_ln0   (specbitsmap  ) [ 000000000]
empty             (wait         ) [ 000000000]
br_ln17           (br           ) [ 000000000]
call_ln0          (call         ) [ 000000000]
empty_13          (wait         ) [ 000000000]
empty_14          (wait         ) [ 000000000]
call_ln0          (call         ) [ 000000000]
br_ln0            (br           ) [ 000000000]
call_ln0          (call         ) [ 000000000]
br_ln0            (br           ) [ 000000000]
ret_ln68          (ret          ) [ 000000000]
</LifeTime>

<model>

<comp_list>
<comp id="0" class="1000" name="A_stream_V_data_V">
<pin_list>
<pin id="1" dir="1" index="0" bw="1" slack="0"/>
</pin_list>
<bind>
<StgValue><ssdm name="A_stream_V_data_V"/></StgValue>
</bind>
</comp>

<comp id="2" class="1000" name="A_stream_V_keep_V">
<pin_list>
<pin id="3" dir="1" index="0" bw="1" slack="0"/>
</pin_list>
<bind>
<StgValue><ssdm name="A_stream_V_keep_V"/></StgValue>
</bind>
</comp>

<comp id="4" class="1000" name="A_stream_V_strb_V">
<pin_list>
<pin id="5" dir="1" index="0" bw="1" slack="0"/>
</pin_list>
<bind>
<StgValue><ssdm name="A_stream_V_strb_V"/></StgValue>
</bind>
</comp>

<comp id="6" class="1000" name="A_stream_V_last_V">
<pin_list>
<pin id="7" dir="1" index="0" bw="1" slack="0"/>
</pin_list>
<bind>
<StgValue><ssdm name="A_stream_V_last_V"/></StgValue>
</bind>
</comp>

<comp id="8" class="1000" name="x_stream_V_data_V">
<pin_list>
<pin id="9" dir="1" index="0" bw="1" slack="0"/>
</pin_list>
<bind>
<StgValue><ssdm name="x_stream_V_data_V"/></StgValue>
</bind>
</comp>

<comp id="10" class="1000" name="x_stream_V_keep_V">
<pin_list>
<pin id="11" dir="1" index="0" bw="1" slack="0"/>
</pin_list>
<bind>
<StgValue><ssdm name="x_stream_V_keep_V"/></StgValue>
</bind>
</comp>

<comp id="12" class="1000" name="x_stream_V_strb_V">
<pin_list>
<pin id="13" dir="1" index="0" bw="1" slack="0"/>
</pin_list>
<bind>
<StgValue><ssdm name="x_stream_V_strb_V"/></StgValue>
</bind>
</comp>

<comp id="14" class="1000" name="x_stream_V_last_V">
<pin_list>
<pin id="15" dir="1" index="0" bw="1" slack="0"/>
</pin_list>
<bind>
<StgValue><ssdm name="x_stream_V_last_V"/></StgValue>
</bind>
</comp>

<comp id="16" class="1000" name="y_stream_V_data_V">
<pin_list>
<pin id="17" dir="1" index="0" bw="1" slack="0"/>
</pin_list>
<bind>
<StgValue><ssdm name="y_stream_V_data_V"/></StgValue>
</bind>
</comp>

<comp id="18" class="1000" name="y_stream_V_keep_V">
<pin_list>
<pin id="19" dir="1" index="0" bw="1" slack="0"/>
</pin_list>
<bind>
<StgValue><ssdm name="y_stream_V_keep_V"/></StgValue>
</bind>
</comp>

<comp id="20" class="1000" name="y_stream_V_strb_V">
<pin_list>
<pin id="21" dir="1" index="0" bw="1" slack="0"/>
</pin_list>
<bind>
<StgValue><ssdm name="y_stream_V_strb_V"/></StgValue>
</bind>
</comp>

<comp id="22" class="1000" name="y_stream_V_last_V">
<pin_list>
<pin id="23" dir="1" index="0" bw="1" slack="0"/>
</pin_list>
<bind>
<StgValue><ssdm name="y_stream_V_last_V"/></StgValue>
</bind>
</comp>

<comp id="24" class="1000" name="mvm_sa_stream_axis_int_0ul_0ul_0ul_0_stream_axis_int_0ul_0ul_0ul_0_stream_axis_int_0ul_0ul_0ul_0_A_local_0">
<pin_list>
<pin id="25" dir="1" index="0" bw="1" slack="0"/>
</pin_list>
<bind>
<StgValue><ssdm name="mvm_sa_stream_axis_int_0ul_0ul_0ul_0_stream_axis_int_0ul_0ul_0ul_0_stream_axis_int_0ul_0ul_0ul_0_A_local_0"/></StgValue>
</bind>
</comp>

<comp id="26" class="1000" name="mvm_sa_stream_axis_int_0ul_0ul_0ul_0_stream_axis_int_0ul_0ul_0ul_0_stream_axis_int_0ul_0ul_0ul_0_A_local_11">
<pin_list>
<pin id="27" dir="1" index="0" bw="1" slack="0"/>
</pin_list>
<bind>
<StgValue><ssdm name="mvm_sa_stream_axis_int_0ul_0ul_0ul_0_stream_axis_int_0ul_0ul_0ul_0_stream_axis_int_0ul_0ul_0ul_0_A_local_11"/></StgValue>
</bind>
</comp>

<comp id="28" class="1000" name="mvm_sa_stream_axis_int_0ul_0ul_0ul_0_stream_axis_int_0ul_0ul_0ul_0_stream_axis_int_0ul_0ul_0ul_0_A_local_22">
<pin_list>
<pin id="29" dir="1" index="0" bw="1" slack="0"/>
</pin_list>
<bind>
<StgValue><ssdm name="mvm_sa_stream_axis_int_0ul_0ul_0ul_0_stream_axis_int_0ul_0ul_0ul_0_stream_axis_int_0ul_0ul_0ul_0_A_local_22"/></StgValue>
</bind>
</comp>

<comp id="30" class="1000" name="mvm_sa_stream_axis_int_0ul_0ul_0ul_0_stream_axis_int_0ul_0ul_0ul_0_stream_axis_int_0ul_0ul_0ul_0_A_local_33">
<pin_list>
<pin id="31" dir="1" index="0" bw="1" slack="0"/>
</pin_list>
<bind>
<StgValue><ssdm name="mvm_sa_stream_axis_int_0ul_0ul_0ul_0_stream_axis_int_0ul_0ul_0ul_0_stream_axis_int_0ul_0ul_0ul_0_A_local_33"/></StgValue>
</bind>
</comp>

<comp id="32" class="1000" name="mvm_sa_stream_axis_int_0ul_0ul_0ul_0_stream_axis_int_0ul_0ul_0ul_0_stream_axis_int_0ul_0ul_0ul_0_acc">
<pin_list>
<pin id="33" dir="1" index="0" bw="1" slack="0"/>
</pin_list>
<bind>
<StgValue><ssdm name="mvm_sa_stream_axis_int_0ul_0ul_0ul_0_stream_axis_int_0ul_0ul_0ul_0_stream_axis_int_0ul_0ul_0ul_0_acc"/></StgValue>
</bind>
</comp>

<comp id="34" class="1000" name="mvm_sa_stream_axis_int_0ul_0ul_0ul_0_stream_axis_int_0ul_0ul_0ul_0_stream_axis_int_0ul_0ul_0ul_0_acc_1">
<pin_list>
<pin id="35" dir="1" index="0" bw="1" slack="0"/>
</pin_list>
<bind>
<StgValue><ssdm name="mvm_sa_stream_axis_int_0ul_0ul_0ul_0_stream_axis_int_0ul_0ul_0ul_0_stream_axis_int_0ul_0ul_0ul_0_acc_1"/></StgValue>
</bind>
</comp>

<comp id="36" class="1000" name="mvm_sa_stream_axis_int_0ul_0ul_0ul_0_stream_axis_int_0ul_0ul_0ul_0_stream_axis_int_0ul_0ul_0ul_0_acc_2">
<pin_list>
<pin id="37" dir="1" index="0" bw="1" slack="0"/>
</pin_list>
<bind>
<StgValue><ssdm name="mvm_sa_stream_axis_int_0ul_0ul_0ul_0_stream_axis_int_0ul_0ul_0ul_0_stream_axis_int_0ul_0ul_0ul_0_acc_2"/></StgValue>
</bind>
</comp>

<comp id="38" class="1000" name="mvm_sa_stream_axis_int_0ul_0ul_0ul_0_stream_axis_int_0ul_0ul_0ul_0_stream_axis_int_0ul_0ul_0ul_0_acc_3">
<pin_list>
<pin id="39" dir="1" index="0" bw="1" slack="0"/>
</pin_list>
<bind>
<StgValue><ssdm name="mvm_sa_stream_axis_int_0ul_0ul_0ul_0_stream_axis_int_0ul_0ul_0ul_0_stream_axis_int_0ul_0ul_0ul_0_acc_3"/></StgValue>
</bind>
</comp>

<comp id="40" class="1001" name="const_40">
<pin_list>
<pin id="41" dir="1" index="0" bw="1" slack="0"/>
</pin_list>
<bind>
<StgValue><ssdm name="_ssdm_op_NbReadReq.axis.i32P0A.i4P0A.i4P0A.i1P0A"/></StgValue>
</bind>
</comp>

<comp id="42" class="1001" name="const_42">
<pin_list>
<pin id="43" dir="1" index="0" bw="1" slack="0"/>
</pin_list>
<bind>
<StgValue><ssdm name=""/></StgValue>
</bind>
</comp>

<comp id="44" class="1001" name="const_44">
<pin_list>
<pin id="45" dir="1" index="0" bw="1" slack="2147483647"/>
</pin_list>
<bind>
<StgValue><ssdm name="_ssdm_op_SpecTopModule"/></StgValue>
</bind>
</comp>

<comp id="46" class="1001" name="const_46">
<pin_list>
<pin id="47" dir="1" index="0" bw="1" slack="2147483647"/>
</pin_list>
<bind>
<StgValue><ssdm name="empty_6"/></StgValue>
</bind>
</comp>

<comp id="48" class="1001" name="const_48">
<pin_list>
<pin id="49" dir="1" index="0" bw="1" slack="2147483647"/>
</pin_list>
<bind>
<StgValue><ssdm name="_ssdm_op_SpecInterface"/></StgValue>
</bind>
</comp>

<comp id="50" class="1001" name="const_50">
<pin_list>
<pin id="51" dir="1" index="0" bw="1" slack="2147483647"/>
</pin_list>
<bind>
<StgValue><ssdm name=""/></StgValue>
</bind>
</comp>

<comp id="52" class="1001" name="const_52">
<pin_list>
<pin id="53" dir="1" index="0" bw="1" slack="2147483647"/>
</pin_list>
<bind>
<StgValue><ssdm name="empty_0"/></StgValue>
</bind>
</comp>

<comp id="54" class="1001" name="const_54">
<pin_list>
<pin id="55" dir="1" index="0" bw="1" slack="2147483647"/>
</pin_list>
<bind>
<StgValue><ssdm name="empty_5"/></StgValue>
</bind>
</comp>

<comp id="56" class="1001" name="const_56">
<pin_list>
<pin id="57" dir="1" index="0" bw="1" slack="2147483647"/>
</pin_list>
<bind>
<StgValue><ssdm name="empty"/></StgValue>
</bind>
</comp>

<comp id="58" class="1001" name="const_58">
<pin_list>
<pin id="59" dir="1" index="0" bw="1" slack="2147483647"/>
</pin_list>
<bind>
<StgValue><ssdm name="empty_4"/></StgValue>
</bind>
</comp>

<comp id="60" class="1001" name="const_60">
<pin_list>
<pin id="61" dir="1" index="0" bw="1" slack="2147483647"/>
</pin_list>
<bind>
<StgValue><ssdm name="_ssdm_op_SpecBitsMap"/></StgValue>
</bind>
</comp>

<comp id="62" class="1001" name="const_62">
<pin_list>
<pin id="63" dir="1" index="0" bw="1" slack="2147483647"/>
</pin_list>
<bind>
<StgValue><ssdm name="_ssdm_op_Wait"/></StgValue>
</bind>
</comp>

<comp id="64" class="1001" name="const_64">
<pin_list>
<pin id="65" dir="1" index="0" bw="1" slack="0"/>
</pin_list>
<bind>
<StgValue><ssdm name="mvm_sa_Pipeline_read_x_loop"/></StgValue>
</bind>
</comp>

<comp id="66" class="1001" name="const_66">
<pin_list>
<pin id="67" dir="1" index="0" bw="1" slack="0"/>
</pin_list>
<bind>
<StgValue><ssdm name="mvm_sa_Pipeline_load_A_loop"/></StgValue>
</bind>
</comp>

<comp id="68" class="1001" name="const_68">
<pin_list>
<pin id="69" dir="1" index="0" bw="1" slack="0"/>
</pin_list>
<bind>
<StgValue><ssdm name="mvm_sa_Pipeline_write_y_loop"/></StgValue>
</bind>
</comp>

<comp id="70" class="1004" name="tmp_nbreadreq_fu_70">
<pin_list>
<pin id="71" dir="0" index="0" bw="1" slack="0"/>
<pin id="72" dir="0" index="1" bw="32" slack="0"/>
<pin id="73" dir="0" index="2" bw="4" slack="0"/>
<pin id="74" dir="0" index="3" bw="4" slack="0"/>
<pin id="75" dir="0" index="4" bw="1" slack="0"/>
<pin id="76" dir="0" index="5" bw="1" slack="0"/>
<pin id="77" dir="1" index="6" bw="1" slack="1"/>
</pin_list>
<bind>
<opcode="nbreadreq(1156) " fcode="nbreadreq"/>
<opset="tmp/1 "/>
</bind>
</comp>

<comp id="84" class="1004" name="grp_mvm_sa_Pipeline_read_x_loop_fu_84">
<pin_list>
<pin id="85" dir="0" index="0" bw="0" slack="0"/>
<pin id="86" dir="0" index="1" bw="32" slack="0"/>
<pin id="87" dir="0" index="2" bw="4" slack="0"/>
<pin id="88" dir="0" index="3" bw="4" slack="0"/>
<pin id="89" dir="0" index="4" bw="1" slack="0"/>
<pin id="90" dir="0" index="5" bw="32" slack="0"/>
<pin id="91" dir="0" index="6" bw="32" slack="0"/>
<pin id="92" dir="0" index="7" bw="32" slack="0"/>
<pin id="93" dir="0" index="8" bw="32" slack="0"/>
<pin id="94" dir="0" index="9" bw="32" slack="0"/>
<pin id="95" dir="0" index="10" bw="32" slack="0"/>
<pin id="96" dir="0" index="11" bw="32" slack="0"/>
<pin id="97" dir="0" index="12" bw="32" slack="0"/>
<pin id="98" dir="1" index="13" bw="0" slack="2147483647"/>
</pin_list>
<bind>
<opcode="call(48) " fcode="call"/>
<opset="call_ln0/2 "/>
</bind>
</comp>

<comp id="112" class="1004" name="grp_mvm_sa_Pipeline_load_A_loop_fu_112">
<pin_list>
<pin id="113" dir="0" index="0" bw="0" slack="0"/>
<pin id="114" dir="0" index="1" bw="32" slack="0"/>
<pin id="115" dir="0" index="2" bw="4" slack="0"/>
<pin id="116" dir="0" index="3" bw="4" slack="0"/>
<pin id="117" dir="0" index="4" bw="1" slack="0"/>
<pin id="118" dir="0" index="5" bw="32" slack="0"/>
<pin id="119" dir="0" index="6" bw="32" slack="0"/>
<pin id="120" dir="0" index="7" bw="32" slack="0"/>
<pin id="121" dir="0" index="8" bw="32" slack="0"/>
<pin id="122" dir="1" index="9" bw="0" slack="2147483647"/>
</pin_list>
<bind>
<opcode="call(48) " fcode="call"/>
<opset="call_ln0/2 "/>
</bind>
</comp>

<comp id="132" class="1004" name="grp_mvm_sa_Pipeline_write_y_loop_fu_132">
<pin_list>
<pin id="133" dir="0" index="0" bw="0" slack="0"/>
<pin id="134" dir="0" index="1" bw="32" slack="0"/>
<pin id="135" dir="0" index="2" bw="4" slack="0"/>
<pin id="136" dir="0" index="3" bw="4" slack="0"/>
<pin id="137" dir="0" index="4" bw="1" slack="0"/>
<pin id="138" dir="0" index="5" bw="32" slack="0"/>
<pin id="139" dir="0" index="6" bw="32" slack="0"/>
<pin id="140" dir="0" index="7" bw="32" slack="0"/>
<pin id="141" dir="0" index="8" bw="32" slack="0"/>
<pin id="142" dir="1" index="9" bw="0" slack="2147483647"/>
</pin_list>
<bind>
<opcode="call(48) " fcode="call"/>
<opset="call_ln0/5 "/>
</bind>
</comp>

<comp id="152" class="1005" name="tmp_reg_152">
<pin_list>
<pin id="153" dir="0" index="0" bw="1" slack="1"/>
<pin id="154" dir="1" index="1" bw="1" slack="2147483647"/>
</pin_list>
<bind>
<opset="tmp "/>
</bind>
</comp>

</comp_list>

<net_list>
<net id="78"><net_src comp="40" pin="0"/><net_sink comp="70" pin=0"/></net>

<net id="79"><net_src comp="0" pin="0"/><net_sink comp="70" pin=1"/></net>

<net id="80"><net_src comp="2" pin="0"/><net_sink comp="70" pin=2"/></net>

<net id="81"><net_src comp="4" pin="0"/><net_sink comp="70" pin=3"/></net>

<net id="82"><net_src comp="6" pin="0"/><net_sink comp="70" pin=4"/></net>

<net id="83"><net_src comp="42" pin="0"/><net_sink comp="70" pin=5"/></net>

<net id="99"><net_src comp="64" pin="0"/><net_sink comp="84" pin=0"/></net>

<net id="100"><net_src comp="8" pin="0"/><net_sink comp="84" pin=1"/></net>

<net id="101"><net_src comp="10" pin="0"/><net_sink comp="84" pin=2"/></net>

<net id="102"><net_src comp="12" pin="0"/><net_sink comp="84" pin=3"/></net>

<net id="103"><net_src comp="14" pin="0"/><net_sink comp="84" pin=4"/></net>

<net id="104"><net_src comp="32" pin="0"/><net_sink comp="84" pin=5"/></net>

<net id="105"><net_src comp="24" pin="0"/><net_sink comp="84" pin=6"/></net>

<net id="106"><net_src comp="26" pin="0"/><net_sink comp="84" pin=7"/></net>

<net id="107"><net_src comp="28" pin="0"/><net_sink comp="84" pin=8"/></net>

<net id="108"><net_src comp="30" pin="0"/><net_sink comp="84" pin=9"/></net>

<net id="109"><net_src comp="34" pin="0"/><net_sink comp="84" pin=10"/></net>

<net id="110"><net_src comp="36" pin="0"/><net_sink comp="84" pin=11"/></net>

<net id="111"><net_src comp="38" pin="0"/><net_sink comp="84" pin=12"/></net>

<net id="123"><net_src comp="66" pin="0"/><net_sink comp="112" pin=0"/></net>

<net id="124"><net_src comp="0" pin="0"/><net_sink comp="112" pin=1"/></net>

<net id="125"><net_src comp="2" pin="0"/><net_sink comp="112" pin=2"/></net>

<net id="126"><net_src comp="4" pin="0"/><net_sink comp="112" pin=3"/></net>

<net id="127"><net_src comp="6" pin="0"/><net_sink comp="112" pin=4"/></net>

<net id="128"><net_src comp="24" pin="0"/><net_sink comp="112" pin=5"/></net>

<net id="129"><net_src comp="26" pin="0"/><net_sink comp="112" pin=6"/></net>

<net id="130"><net_src comp="28" pin="0"/><net_sink comp="112" pin=7"/></net>

<net id="131"><net_src comp="30" pin="0"/><net_sink comp="112" pin=8"/></net>

<net id="143"><net_src comp="68" pin="0"/><net_sink comp="132" pin=0"/></net>

<net id="144"><net_src comp="16" pin="0"/><net_sink comp="132" pin=1"/></net>

<net id="145"><net_src comp="18" pin="0"/><net_sink comp="132" pin=2"/></net>

<net id="146"><net_src comp="20" pin="0"/><net_sink comp="132" pin=3"/></net>

<net id="147"><net_src comp="22" pin="0"/><net_sink comp="132" pin=4"/></net>

<net id="148"><net_src comp="32" pin="0"/><net_sink comp="132" pin=5"/></net>

<net id="149"><net_src comp="34" pin="0"/><net_sink comp="132" pin=6"/></net>

<net id="150"><net_src comp="36" pin="0"/><net_sink comp="132" pin=7"/></net>

<net id="151"><net_src comp="38" pin="0"/><net_sink comp="132" pin=8"/></net>

<net id="155"><net_src comp="70" pin="6"/><net_sink comp="152" pin=0"/></net>

</net_list>

</model> 
---------------- Datapath Model END ------------------

* FSMD analyzer results:
  - Output states:
	Port: y_stream_V_data_V | {5 6 }
	Port: y_stream_V_keep_V | {5 6 }
	Port: y_stream_V_strb_V | {5 6 }
	Port: y_stream_V_last_V | {5 6 }
	Port: mvm_sa_stream_axis_int_0ul_0ul_0ul_0_stream_axis_int_0ul_0ul_0ul_0_stream_axis_int_0ul_0ul_0ul_0_A_local_0 | {2 7 }
	Port: mvm_sa_stream_axis_int_0ul_0ul_0ul_0_stream_axis_int_0ul_0ul_0ul_0_stream_axis_int_0ul_0ul_0ul_0_A_local_11 | {2 7 }
	Port: mvm_sa_stream_axis_int_0ul_0ul_0ul_0_stream_axis_int_0ul_0ul_0ul_0_stream_axis_int_0ul_0ul_0ul_0_A_local_22 | {2 7 }
	Port: mvm_sa_stream_axis_int_0ul_0ul_0ul_0_stream_axis_int_0ul_0ul_0ul_0_stream_axis_int_0ul_0ul_0ul_0_A_local_33 | {2 7 }
	Port: mvm_sa_stream_axis_int_0ul_0ul_0ul_0_stream_axis_int_0ul_0ul_0ul_0_stream_axis_int_0ul_0ul_0ul_0_acc | {2 3 }
	Port: mvm_sa_stream_axis_int_0ul_0ul_0ul_0_stream_axis_int_0ul_0ul_0ul_0_stream_axis_int_0ul_0ul_0ul_0_acc_1 | {2 3 }
	Port: mvm_sa_stream_axis_int_0ul_0ul_0ul_0_stream_axis_int_0ul_0ul_0ul_0_stream_axis_int_0ul_0ul_0ul_0_acc_2 | {2 3 }
	Port: mvm_sa_stream_axis_int_0ul_0ul_0ul_0_stream_axis_int_0ul_0ul_0ul_0_stream_axis_int_0ul_0ul_0ul_0_acc_3 | {2 3 }
 - Input state : 
	Port: mvm_sa : A_stream_V_data_V | {1 2 7 }
	Port: mvm_sa : A_stream_V_keep_V | {1 2 7 }
	Port: mvm_sa : A_stream_V_strb_V | {1 2 7 }
	Port: mvm_sa : A_stream_V_last_V | {1 2 7 }
	Port: mvm_sa : x_stream_V_data_V | {2 3 }
	Port: mvm_sa : x_stream_V_keep_V | {2 3 }
	Port: mvm_sa : x_stream_V_strb_V | {2 3 }
	Port: mvm_sa : x_stream_V_last_V | {2 3 }
	Port: mvm_sa : mvm_sa_stream_axis_int_0ul_0ul_0ul_0_stream_axis_int_0ul_0ul_0ul_0_stream_axis_int_0ul_0ul_0ul_0_A_local_0 | {2 3 }
	Port: mvm_sa : mvm_sa_stream_axis_int_0ul_0ul_0ul_0_stream_axis_int_0ul_0ul_0ul_0_stream_axis_int_0ul_0ul_0ul_0_A_local_11 | {2 3 }
	Port: mvm_sa : mvm_sa_stream_axis_int_0ul_0ul_0ul_0_stream_axis_int_0ul_0ul_0ul_0_stream_axis_int_0ul_0ul_0ul_0_A_local_22 | {2 3 }
	Port: mvm_sa : mvm_sa_stream_axis_int_0ul_0ul_0ul_0_stream_axis_int_0ul_0ul_0ul_0_stream_axis_int_0ul_0ul_0ul_0_A_local_33 | {2 3 }
	Port: mvm_sa : mvm_sa_stream_axis_int_0ul_0ul_0ul_0_stream_axis_int_0ul_0ul_0ul_0_stream_axis_int_0ul_0ul_0ul_0_acc | {2 3 5 6 }
	Port: mvm_sa : mvm_sa_stream_axis_int_0ul_0ul_0ul_0_stream_axis_int_0ul_0ul_0ul_0_stream_axis_int_0ul_0ul_0ul_0_acc_1 | {2 3 5 6 }
	Port: mvm_sa : mvm_sa_stream_axis_int_0ul_0ul_0ul_0_stream_axis_int_0ul_0ul_0ul_0_stream_axis_int_0ul_0ul_0ul_0_acc_2 | {2 3 5 6 }
	Port: mvm_sa : mvm_sa_stream_axis_int_0ul_0ul_0ul_0_stream_axis_int_0ul_0ul_0ul_0_stream_axis_int_0ul_0ul_0ul_0_acc_3 | {2 3 5 6 }
  - Chain level:
	State 1
	State 2
	State 3
	State 4
	State 5
	State 6
	State 7
	State 8


============================================================
+ Verbose Summary: Datapath Resource usage 
============================================================

* Functional unit list:
|----------|-----------------------------------------|---------|---------|---------|
| Operation|             Functional Unit             |   DSP   |    FF   |   LUT   |
|----------|-----------------------------------------|---------|---------|---------|
|          |  grp_mvm_sa_Pipeline_read_x_loop_fu_84  |    3    |   266   |   288   |
|   call   |  grp_mvm_sa_Pipeline_load_A_loop_fu_112 |    0    |   101   |   190   |
|          | grp_mvm_sa_Pipeline_write_y_loop_fu_132 |    0    |    7    |    51   |
|----------|-----------------------------------------|---------|---------|---------|
| nbreadreq|           tmp_nbreadreq_fu_70           |    0    |    0    |    0    |
|----------|-----------------------------------------|---------|---------|---------|
|   Total  |                                         |    3    |   374   |   529   |
|----------|-----------------------------------------|---------|---------|---------|

Memories:
N/A

* Register list:
+-----------+--------+
|           |   FF   |
+-----------+--------+
|tmp_reg_152|    1   |
+-----------+--------+
|   Total   |    1   |
+-----------+--------+

* Multiplexer (MUX) list: 
|--------|------|------|------|--------|
|  Comp  |  Pin | Size |  BW  | S x BW |
|--------|------|------|------|--------|
|  Total |      |      |      |    0   |
|--------|------|------|------|--------|



* Summary:
+-----------+--------+--------+--------+
|           |   DSP  |   FF   |   LUT  |
+-----------+--------+--------+--------+
|  Function |    3   |   374  |   529  |
|   Memory  |    -   |    -   |    -   |
|Multiplexer|    -   |    -   |    -   |
|  Register |    -   |    1   |    -   |
+-----------+--------+--------+--------+
|   Total   |    3   |   375  |   529  |
+-----------+--------+--------+--------+
