

================================================================
== Vitis HLS Report for 'mvm_sa'
================================================================
* Date:           Wed Jul  6 17:05:41 2022

* Version:        2021.2 (Build 3367213 on Tue Oct 19 02:47:39 MDT 2021)
* Project:        mvm_sa
* Solution:       solution1 (Vivado IP Flow Target)
* Product family: zynq
* Target device:  xc7z020-clg400-1


================================================================
== Performance Estimates
================================================================
+ Timing: 
    * Summary: 
    +--------+----------+----------+------------+
    |  Clock |  Target  | Estimated| Uncertainty|
    +--------+----------+----------+------------+
    |ap_clk  |  10.00 ns|  6.923 ns|     2.70 ns|
    +--------+----------+----------+------------+

+ Latency: 
    * Summary: 
    +---------+---------+-----------+-----------+-----+-----+----------+
    |  Latency (cycles) |   Latency (absolute)  |  Interval | Pipeline |
    |   min   |   max   |    min    |    max    | min | max |   Type   |
    +---------+---------+-----------+-----------+-----+-----+----------+
    |        7|        7|  70.000 ns|  70.000 ns|    4|    4|  yes(frp)|
    +---------+---------+-----------+-----------+-----+-----+----------+

    + Detail: 
        * Instance: 
        N/A

        * Loop: 
        N/A

============================================================
+ Verbose Summary: Synthesis Manager
============================================================
InlineROM: 1
ExposeGlobal: 0
============================================================
+ Verbose Summary: CDFG Model
============================================================
IsTopModel: 1
ResetActiveHigh: 1
IsCombinational: 0
IsDatapathOnly: 0
HasWiredReturn: 1
HasMFsm: 2
HasVarLatency: 0
IsPipeline: 1
IsRtlPipelined: 1
IsInstanceOverlapped: 0
IsDontTouch: 0
HasImplIP: 0
IsGatedGlobalClock: 0

+ Individual pipeline summary: 
  * Pipeline-0: initiation interval (II) = 4, depth = 8


============================================================
+ Verbose Summary: Schedule
============================================================
* Number of FSM states : 8
* Pipeline : 1
  Pipeline-0 : II = 4, D = 8, States = { 1 2 3 4 5 6 7 8 }
* Dataflow Pipeline: 0

* FSM state transitions: 
1 --> 2 
2 --> 3 
3 --> 4 
4 --> 5 
5 --> 6 
6 --> 7 
7 --> 8 
8 --> 

* FSM state operations: 

State 1 <SV = 0> <Delay = 0.00>
ST_1 : Operation 9 [1/1] (0.00ns)   --->   "%empty = read i41 @_ssdm_op_Read.axis.volatile.i32P0A.i4P0A.i4P0A.i1P0A, i32 %x_stream_V_data_V, i4 %x_stream_V_keep_V, i4 %x_stream_V_strb_V, i1 %x_stream_V_last_V"   --->   Operation 9 'read' 'empty' <Predicate = true> <Delay = 0.00> <CoreInst = "axis">   --->   Core 115 'axis' <Latency = 0> <II = 1> <Delay = 1.00> <Adapter> <Opcode : >

State 2 <SV = 1> <Delay = 0.00>
ST_2 : Operation 10 [1/1] (0.00ns)   --->   "%empty_6 = read i41 @_ssdm_op_Read.axis.volatile.i32P0A.i4P0A.i4P0A.i1P0A, i32 %x_stream_V_data_V, i4 %x_stream_V_keep_V, i4 %x_stream_V_strb_V, i1 %x_stream_V_last_V"   --->   Operation 10 'read' 'empty_6' <Predicate = true> <Delay = 0.00> <CoreInst = "axis">   --->   Core 115 'axis' <Latency = 0> <II = 1> <Delay = 1.00> <Adapter> <Opcode : >
ST_2 : Operation 11 [1/1] (0.00ns)   --->   "%tmp = extractvalue i41 %empty_6"   --->   Operation 11 'extractvalue' 'tmp' <Predicate = true> <Delay = 0.00>

State 3 <SV = 2> <Delay = 0.00>
ST_3 : Operation 12 [1/1] (0.00ns)   --->   "%empty_7 = read i41 @_ssdm_op_Read.axis.volatile.i32P0A.i4P0A.i4P0A.i1P0A, i32 %x_stream_V_data_V, i4 %x_stream_V_keep_V, i4 %x_stream_V_strb_V, i1 %x_stream_V_last_V"   --->   Operation 12 'read' 'empty_7' <Predicate = true> <Delay = 0.00> <CoreInst = "axis">   --->   Core 115 'axis' <Latency = 0> <II = 1> <Delay = 1.00> <Adapter> <Opcode : >
ST_3 : Operation 13 [1/1] (0.00ns)   --->   "%tmp_1 = extractvalue i41 %empty_7"   --->   Operation 13 'extractvalue' 'tmp_1' <Predicate = true> <Delay = 0.00>

State 4 <SV = 3> <Delay = 6.92>
ST_4 : Operation 14 [1/1] (0.00ns)   --->   "%shl_ln34 = shl i32 %tmp_1, i32 1" [mvm_sa.cpp:34]   --->   Operation 14 'shl' 'shl_ln34' <Predicate = true> <Delay = 0.00>
ST_4 : Operation 15 [1/1] (0.00ns)   --->   "%empty_8 = read i41 @_ssdm_op_Read.axis.volatile.i32P0A.i4P0A.i4P0A.i1P0A, i32 %x_stream_V_data_V, i4 %x_stream_V_keep_V, i4 %x_stream_V_strb_V, i1 %x_stream_V_last_V"   --->   Operation 15 'read' 'empty_8' <Predicate = true> <Delay = 0.00> <CoreInst = "axis">   --->   Core 115 'axis' <Latency = 0> <II = 1> <Delay = 1.00> <Adapter> <Opcode : >
ST_4 : Operation 16 [1/1] (0.00ns)   --->   "%tmp_2 = extractvalue i41 %empty_8"   --->   Operation 16 'extractvalue' 'tmp_2' <Predicate = true> <Delay = 0.00>
ST_4 : Operation 17 [1/1] (0.00ns) (grouped into LUT with out node sub_ln34)   --->   "%shl_ln34_1 = shl i32 %tmp_2, i32 2" [mvm_sa.cpp:34]   --->   Operation 17 'shl' 'shl_ln34_1' <Predicate = true> <Delay = 0.00>
ST_4 : Operation 18 [1/1] (2.55ns) (out node of the LUT)   --->   "%sub_ln34 = sub i32 %shl_ln34_1, i32 %tmp_2" [mvm_sa.cpp:34]   --->   Operation 18 'sub' 'sub_ln34' <Predicate = true> <Delay = 2.55> <CoreInst = "Adder">   --->   Core 1 'Adder' <Latency = 0> <II = 1> <Delay = 2.55> <FuncUnit> <Opcode : 'add' 'sub'> <InPorts = 2> <OutPorts = 1>
ST_4 : Operation 19 [1/1] (0.00ns) (grouped into TernaryAdder)   --->   "%add_ln34 = add i32 %shl_ln34, i32 %sub_ln34" [mvm_sa.cpp:34]   --->   Operation 19 'add' 'add_ln34' <Predicate = true> <Delay = 0.00> <CoreInst = "TAddSub">   --->   Core 10 'TAddSub' <Latency = 0> <II = 1> <Delay = 2.18> <IPBlock> <Opcode : 'add' 'sub'> <InPorts = 3> <OutPorts = 1> <Sync> <CReg>
ST_4 : Operation 20 [1/1] (4.37ns) (root node of TernaryAdder)   --->   "%last = add i32 %add_ln34, i32 %tmp" [mvm_sa.cpp:34]   --->   Operation 20 'add' 'last' <Predicate = true> <Delay = 4.37> <CoreInst = "TAddSub">   --->   Core 10 'TAddSub' <Latency = 0> <II = 1> <Delay = 2.18> <IPBlock> <Opcode : 'add' 'sub'> <InPorts = 3> <OutPorts = 1> <Sync> <CReg>
ST_4 : Operation 21 [2/2] (0.00ns)   --->   "%write_ln304 = write void @_ssdm_op_Write.axis.volatile.i32P0A.i4P0A.i4P0A.i1P0A, i32 %y_stream_V_data_V, i4 %y_stream_V_keep_V, i4 %y_stream_V_strb_V, i1 %y_stream_V_last_V, i32 %last, i4 15, i4 0, i1 0"   --->   Operation 21 'write' 'write_ln304' <Predicate = true> <Delay = 0.00> <CoreInst = "axis">   --->   Core 115 'axis' <Latency = 0> <II = 1> <Delay = 1.00> <Adapter> <Opcode : >

State 5 <SV = 4> <Delay = 0.00>
ST_5 : Operation 22 [1/2] (0.00ns)   --->   "%write_ln304 = write void @_ssdm_op_Write.axis.volatile.i32P0A.i4P0A.i4P0A.i1P0A, i32 %y_stream_V_data_V, i4 %y_stream_V_keep_V, i4 %y_stream_V_strb_V, i1 %y_stream_V_last_V, i32 %last, i4 15, i4 0, i1 0"   --->   Operation 22 'write' 'write_ln304' <Predicate = true> <Delay = 0.00> <CoreInst = "axis">   --->   Core 115 'axis' <Latency = 0> <II = 1> <Delay = 1.00> <Adapter> <Opcode : >
ST_5 : Operation 23 [2/2] (0.00ns)   --->   "%write_ln304 = write void @_ssdm_op_Write.axis.volatile.i32P0A.i4P0A.i4P0A.i1P0A, i32 %y_stream_V_data_V, i4 %y_stream_V_keep_V, i4 %y_stream_V_strb_V, i1 %y_stream_V_last_V, i32 0, i4 15, i4 0, i1 0"   --->   Operation 23 'write' 'write_ln304' <Predicate = true> <Delay = 0.00> <CoreInst = "axis">   --->   Core 115 'axis' <Latency = 0> <II = 1> <Delay = 1.00> <Adapter> <Opcode : >

State 6 <SV = 5> <Delay = 0.00>
ST_6 : Operation 24 [1/2] (0.00ns)   --->   "%write_ln304 = write void @_ssdm_op_Write.axis.volatile.i32P0A.i4P0A.i4P0A.i1P0A, i32 %y_stream_V_data_V, i4 %y_stream_V_keep_V, i4 %y_stream_V_strb_V, i1 %y_stream_V_last_V, i32 0, i4 15, i4 0, i1 0"   --->   Operation 24 'write' 'write_ln304' <Predicate = true> <Delay = 0.00> <CoreInst = "axis">   --->   Core 115 'axis' <Latency = 0> <II = 1> <Delay = 1.00> <Adapter> <Opcode : >
ST_6 : Operation 25 [2/2] (0.00ns)   --->   "%write_ln304 = write void @_ssdm_op_Write.axis.volatile.i32P0A.i4P0A.i4P0A.i1P0A, i32 %y_stream_V_data_V, i4 %y_stream_V_keep_V, i4 %y_stream_V_strb_V, i1 %y_stream_V_last_V, i32 0, i4 15, i4 0, i1 0"   --->   Operation 25 'write' 'write_ln304' <Predicate = true> <Delay = 0.00> <CoreInst = "axis">   --->   Core 115 'axis' <Latency = 0> <II = 1> <Delay = 1.00> <Adapter> <Opcode : >

State 7 <SV = 6> <Delay = 0.00>
ST_7 : Operation 26 [1/2] (0.00ns)   --->   "%write_ln304 = write void @_ssdm_op_Write.axis.volatile.i32P0A.i4P0A.i4P0A.i1P0A, i32 %y_stream_V_data_V, i4 %y_stream_V_keep_V, i4 %y_stream_V_strb_V, i1 %y_stream_V_last_V, i32 0, i4 15, i4 0, i1 0"   --->   Operation 26 'write' 'write_ln304' <Predicate = true> <Delay = 0.00> <CoreInst = "axis">   --->   Core 115 'axis' <Latency = 0> <II = 1> <Delay = 1.00> <Adapter> <Opcode : >
ST_7 : Operation 27 [2/2] (0.00ns)   --->   "%write_ln304 = write void @_ssdm_op_Write.axis.volatile.i32P0A.i4P0A.i4P0A.i1P0A, i32 %y_stream_V_data_V, i4 %y_stream_V_keep_V, i4 %y_stream_V_strb_V, i1 %y_stream_V_last_V, i32 0, i4 15, i4 0, i1 1"   --->   Operation 27 'write' 'write_ln304' <Predicate = true> <Delay = 0.00> <CoreInst = "axis">   --->   Core 115 'axis' <Latency = 0> <II = 1> <Delay = 1.00> <Adapter> <Opcode : >

State 8 <SV = 7> <Delay = 0.00>
ST_8 : Operation 28 [1/1] (0.00ns)   --->   "%specpipeline_ln0 = specpipeline void @_ssdm_op_SpecPipeline, i32 4294967295, i32 3, i32 0, i32 0, void @empty_1"   --->   Operation 28 'specpipeline' 'specpipeline_ln0' <Predicate = true> <Delay = 0.00>
ST_8 : Operation 29 [1/1] (0.00ns)   --->   "%spectopmodule_ln0 = spectopmodule void @_ssdm_op_SpecTopModule, void @empty_2"   --->   Operation 29 'spectopmodule' 'spectopmodule_ln0' <Predicate = true> <Delay = 0.00>
ST_8 : Operation 30 [1/1] (0.00ns)   --->   "%specinterface_ln0 = specinterface void @_ssdm_op_SpecInterface, i32 0, void @empty_3, i32 0, i32 0, void @empty_1, i32 0, i32 0, void @empty_1, void @empty_1, void @empty_1, i32 0, i32 0, i32 0, i32 0, void @empty_1, void @empty_1"   --->   Operation 30 'specinterface' 'specinterface_ln0' <Predicate = true> <Delay = 0.00>
ST_8 : Operation 31 [1/1] (0.00ns)   --->   "%specinterface_ln0 = specinterface void @_ssdm_op_SpecInterface, i32 %x_stream_V_data_V, i4 %x_stream_V_keep_V, i4 %x_stream_V_strb_V, i1 %x_stream_V_last_V, void @empty, i32 1, i32 1, void @empty_0, i32 0, i32 0, void @empty_1, void @empty_1, void @empty_1, i32 0, i32 0, i32 0, i32 0, void @empty_1, void @empty_1"   --->   Operation 31 'specinterface' 'specinterface_ln0' <Predicate = true> <Delay = 0.00>
ST_8 : Operation 32 [1/1] (0.00ns)   --->   "%specbitsmap_ln0 = specbitsmap void @_ssdm_op_SpecBitsMap, i32 %x_stream_V_data_V"   --->   Operation 32 'specbitsmap' 'specbitsmap_ln0' <Predicate = true> <Delay = 0.00>
ST_8 : Operation 33 [1/1] (0.00ns)   --->   "%specbitsmap_ln0 = specbitsmap void @_ssdm_op_SpecBitsMap, i4 %x_stream_V_keep_V"   --->   Operation 33 'specbitsmap' 'specbitsmap_ln0' <Predicate = true> <Delay = 0.00>
ST_8 : Operation 34 [1/1] (0.00ns)   --->   "%specbitsmap_ln0 = specbitsmap void @_ssdm_op_SpecBitsMap, i4 %x_stream_V_strb_V"   --->   Operation 34 'specbitsmap' 'specbitsmap_ln0' <Predicate = true> <Delay = 0.00>
ST_8 : Operation 35 [1/1] (0.00ns)   --->   "%specbitsmap_ln0 = specbitsmap void @_ssdm_op_SpecBitsMap, i1 %x_stream_V_last_V"   --->   Operation 35 'specbitsmap' 'specbitsmap_ln0' <Predicate = true> <Delay = 0.00>
ST_8 : Operation 36 [1/1] (0.00ns)   --->   "%specinterface_ln0 = specinterface void @_ssdm_op_SpecInterface, i32 %y_stream_V_data_V, i4 %y_stream_V_keep_V, i4 %y_stream_V_strb_V, i1 %y_stream_V_last_V, void @empty, i32 1, i32 1, void @empty_0, i32 0, i32 0, void @empty_1, void @empty_1, void @empty_1, i32 0, i32 0, i32 0, i32 0, void @empty_1, void @empty_1"   --->   Operation 36 'specinterface' 'specinterface_ln0' <Predicate = true> <Delay = 0.00>
ST_8 : Operation 37 [1/1] (0.00ns)   --->   "%specbitsmap_ln0 = specbitsmap void @_ssdm_op_SpecBitsMap, i32 %y_stream_V_data_V"   --->   Operation 37 'specbitsmap' 'specbitsmap_ln0' <Predicate = true> <Delay = 0.00>
ST_8 : Operation 38 [1/1] (0.00ns)   --->   "%specbitsmap_ln0 = specbitsmap void @_ssdm_op_SpecBitsMap, i4 %y_stream_V_keep_V"   --->   Operation 38 'specbitsmap' 'specbitsmap_ln0' <Predicate = true> <Delay = 0.00>
ST_8 : Operation 39 [1/1] (0.00ns)   --->   "%specbitsmap_ln0 = specbitsmap void @_ssdm_op_SpecBitsMap, i4 %y_stream_V_strb_V"   --->   Operation 39 'specbitsmap' 'specbitsmap_ln0' <Predicate = true> <Delay = 0.00>
ST_8 : Operation 40 [1/1] (0.00ns)   --->   "%specbitsmap_ln0 = specbitsmap void @_ssdm_op_SpecBitsMap, i1 %y_stream_V_last_V"   --->   Operation 40 'specbitsmap' 'specbitsmap_ln0' <Predicate = true> <Delay = 0.00>
ST_8 : Operation 41 [1/2] (0.00ns)   --->   "%write_ln304 = write void @_ssdm_op_Write.axis.volatile.i32P0A.i4P0A.i4P0A.i1P0A, i32 %y_stream_V_data_V, i4 %y_stream_V_keep_V, i4 %y_stream_V_strb_V, i1 %y_stream_V_last_V, i32 0, i4 15, i4 0, i1 1"   --->   Operation 41 'write' 'write_ln304' <Predicate = true> <Delay = 0.00> <CoreInst = "axis">   --->   Core 115 'axis' <Latency = 0> <II = 1> <Delay = 1.00> <Adapter> <Opcode : >
ST_8 : Operation 42 [1/1] (0.00ns)   --->   "%ret_ln56 = ret" [mvm_sa.cpp:56]   --->   Operation 42 'ret' 'ret_ln56' <Predicate = true> <Delay = 0.00>


============================================================
+ Verbose Summary: Binding
============================================================
STG Binding: 
---------------- STG Properties BEGIN ----------------
- Is combinational: 0
- Is one-state seq: 0
- Is datapath-only: 0
- Is pipelined: 1
- Is top level: 1
Port [ Return ] is wired: 1; IO mode=ap_ctrl_none:ce=0
Port [ x_stream_V_data_V]:  wired=1; compound=1; hidden=0; nouse=0; global=0; static=0; extern=0; dir=0; type=0; pingpong=0; private_global=0; IO mode=axis:ce=0
Port [ x_stream_V_keep_V]:  wired=1; compound=1; hidden=0; nouse=0; global=0; static=0; extern=0; dir=0; type=0; pingpong=0; private_global=0; IO mode=axis:ce=0
Port [ x_stream_V_strb_V]:  wired=1; compound=1; hidden=0; nouse=0; global=0; static=0; extern=0; dir=0; type=0; pingpong=0; private_global=0; IO mode=axis:ce=0
Port [ x_stream_V_last_V]:  wired=1; compound=1; hidden=0; nouse=0; global=0; static=0; extern=0; dir=0; type=0; pingpong=0; private_global=0; IO mode=axis:ce=0
Port [ y_stream_V_data_V]:  wired=1; compound=1; hidden=0; nouse=0; global=0; static=0; extern=0; dir=1; type=0; pingpong=0; private_global=0; IO mode=axis:ce=0
Port [ y_stream_V_keep_V]:  wired=1; compound=1; hidden=0; nouse=0; global=0; static=0; extern=0; dir=1; type=0; pingpong=0; private_global=0; IO mode=axis:ce=0
Port [ y_stream_V_strb_V]:  wired=1; compound=1; hidden=0; nouse=0; global=0; static=0; extern=0; dir=1; type=0; pingpong=0; private_global=0; IO mode=axis:ce=0
Port [ y_stream_V_last_V]:  wired=1; compound=1; hidden=0; nouse=0; global=0; static=0; extern=0; dir=1; type=0; pingpong=0; private_global=0; IO mode=axis:ce=0
---------------- STG Properties END ------------------

---------------- Datapath Model BEGIN ----------------

<LifeTime>
<method=bitvector/>
empty             (read         ) [ 000000000]
empty_6           (read         ) [ 000000000]
tmp               (extractvalue ) [ 000110000]
empty_7           (read         ) [ 000000000]
tmp_1             (extractvalue ) [ 000010000]
shl_ln34          (shl          ) [ 000000000]
empty_8           (read         ) [ 000000000]
tmp_2             (extractvalue ) [ 000000000]
shl_ln34_1        (shl          ) [ 000000000]
sub_ln34          (sub          ) [ 000000000]
add_ln34          (add          ) [ 000000000]
last              (add          ) [ 010001000]
write_ln304       (write        ) [ 000000000]
write_ln304       (write        ) [ 000000000]
write_ln304       (write        ) [ 000000000]
specpipeline_ln0  (specpipeline ) [ 000000000]
spectopmodule_ln0 (spectopmodule) [ 000000000]
specinterface_ln0 (specinterface) [ 000000000]
specinterface_ln0 (specinterface) [ 000000000]
specbitsmap_ln0   (specbitsmap  ) [ 000000000]
specbitsmap_ln0   (specbitsmap  ) [ 000000000]
specbitsmap_ln0   (specbitsmap  ) [ 000000000]
specbitsmap_ln0   (specbitsmap  ) [ 000000000]
specinterface_ln0 (specinterface) [ 000000000]
specbitsmap_ln0   (specbitsmap  ) [ 000000000]
specbitsmap_ln0   (specbitsmap  ) [ 000000000]
specbitsmap_ln0   (specbitsmap  ) [ 000000000]
specbitsmap_ln0   (specbitsmap  ) [ 000000000]
write_ln304       (write        ) [ 000000000]
ret_ln56          (ret          ) [ 000000000]
</LifeTime>

<model>

<comp_list>
<comp id="0" class="1000" name="x_stream_V_data_V">
<pin_list>
<pin id="1" dir="1" index="0" bw="1" slack="0"/>
</pin_list>
<bind>
<StgValue><ssdm name="x_stream_V_data_V"/></StgValue>
</bind>
</comp>

<comp id="2" class="1000" name="x_stream_V_keep_V">
<pin_list>
<pin id="3" dir="1" index="0" bw="1" slack="0"/>
</pin_list>
<bind>
<StgValue><ssdm name="x_stream_V_keep_V"/></StgValue>
</bind>
</comp>

<comp id="4" class="1000" name="x_stream_V_strb_V">
<pin_list>
<pin id="5" dir="1" index="0" bw="1" slack="0"/>
</pin_list>
<bind>
<StgValue><ssdm name="x_stream_V_strb_V"/></StgValue>
</bind>
</comp>

<comp id="6" class="1000" name="x_stream_V_last_V">
<pin_list>
<pin id="7" dir="1" index="0" bw="1" slack="0"/>
</pin_list>
<bind>
<StgValue><ssdm name="x_stream_V_last_V"/></StgValue>
</bind>
</comp>

<comp id="8" class="1000" name="y_stream_V_data_V">
<pin_list>
<pin id="9" dir="1" index="0" bw="1" slack="0"/>
</pin_list>
<bind>
<StgValue><ssdm name="y_stream_V_data_V"/></StgValue>
</bind>
</comp>

<comp id="10" class="1000" name="y_stream_V_keep_V">
<pin_list>
<pin id="11" dir="1" index="0" bw="1" slack="0"/>
</pin_list>
<bind>
<StgValue><ssdm name="y_stream_V_keep_V"/></StgValue>
</bind>
</comp>

<comp id="12" class="1000" name="y_stream_V_strb_V">
<pin_list>
<pin id="13" dir="1" index="0" bw="1" slack="0"/>
</pin_list>
<bind>
<StgValue><ssdm name="y_stream_V_strb_V"/></StgValue>
</bind>
</comp>

<comp id="14" class="1000" name="y_stream_V_last_V">
<pin_list>
<pin id="15" dir="1" index="0" bw="1" slack="0"/>
</pin_list>
<bind>
<StgValue><ssdm name="y_stream_V_last_V"/></StgValue>
</bind>
</comp>

<comp id="16" class="1001" name="const_16">
<pin_list>
<pin id="17" dir="1" index="0" bw="1" slack="0"/>
</pin_list>
<bind>
<StgValue><ssdm name="_ssdm_op_Read.axis.volatile.i32P0A.i4P0A.i4P0A.i1P0A"/></StgValue>
</bind>
</comp>

<comp id="18" class="1001" name="const_18">
<pin_list>
<pin id="19" dir="1" index="0" bw="1" slack="0"/>
</pin_list>
<bind>
<StgValue><ssdm name=""/></StgValue>
</bind>
</comp>

<comp id="20" class="1001" name="const_20">
<pin_list>
<pin id="21" dir="1" index="0" bw="1" slack="0"/>
</pin_list>
<bind>
<StgValue><ssdm name=""/></StgValue>
</bind>
</comp>

<comp id="22" class="1001" name="const_22">
<pin_list>
<pin id="23" dir="1" index="0" bw="1" slack="0"/>
</pin_list>
<bind>
<StgValue><ssdm name="_ssdm_op_Write.axis.volatile.i32P0A.i4P0A.i4P0A.i1P0A"/></StgValue>
</bind>
</comp>

<comp id="24" class="1001" name="const_24">
<pin_list>
<pin id="25" dir="1" index="0" bw="1" slack="0"/>
</pin_list>
<bind>
<StgValue><ssdm name=""/></StgValue>
</bind>
</comp>

<comp id="26" class="1001" name="const_26">
<pin_list>
<pin id="27" dir="1" index="0" bw="1" slack="0"/>
</pin_list>
<bind>
<StgValue><ssdm name=""/></StgValue>
</bind>
</comp>

<comp id="28" class="1001" name="const_28">
<pin_list>
<pin id="29" dir="1" index="0" bw="1" slack="0"/>
</pin_list>
<bind>
<StgValue><ssdm name=""/></StgValue>
</bind>
</comp>

<comp id="30" class="1001" name="const_30">
<pin_list>
<pin id="31" dir="1" index="0" bw="1" slack="0"/>
</pin_list>
<bind>
<StgValue><ssdm name=""/></StgValue>
</bind>
</comp>

<comp id="32" class="1001" name="const_32">
<pin_list>
<pin id="33" dir="1" index="0" bw="1" slack="0"/>
</pin_list>
<bind>
<StgValue><ssdm name=""/></StgValue>
</bind>
</comp>

<comp id="34" class="1001" name="const_34">
<pin_list>
<pin id="35" dir="1" index="0" bw="1" slack="2147483647"/>
</pin_list>
<bind>
<StgValue><ssdm name="_ssdm_op_SpecPipeline"/></StgValue>
</bind>
</comp>

<comp id="36" class="1001" name="const_36">
<pin_list>
<pin id="37" dir="1" index="0" bw="1" slack="2147483647"/>
</pin_list>
<bind>
<StgValue><ssdm name=""/></StgValue>
</bind>
</comp>

<comp id="38" class="1001" name="const_38">
<pin_list>
<pin id="39" dir="1" index="0" bw="1" slack="2147483647"/>
</pin_list>
<bind>
<StgValue><ssdm name=""/></StgValue>
</bind>
</comp>

<comp id="40" class="1001" name="const_40">
<pin_list>
<pin id="41" dir="1" index="0" bw="1" slack="2147483647"/>
</pin_list>
<bind>
<StgValue><ssdm name="empty_1"/></StgValue>
</bind>
</comp>

<comp id="42" class="1001" name="const_42">
<pin_list>
<pin id="43" dir="1" index="0" bw="1" slack="2147483647"/>
</pin_list>
<bind>
<StgValue><ssdm name="_ssdm_op_SpecTopModule"/></StgValue>
</bind>
</comp>

<comp id="44" class="1001" name="const_44">
<pin_list>
<pin id="45" dir="1" index="0" bw="1" slack="2147483647"/>
</pin_list>
<bind>
<StgValue><ssdm name="empty_2"/></StgValue>
</bind>
</comp>

<comp id="46" class="1001" name="const_46">
<pin_list>
<pin id="47" dir="1" index="0" bw="1" slack="2147483647"/>
</pin_list>
<bind>
<StgValue><ssdm name="_ssdm_op_SpecInterface"/></StgValue>
</bind>
</comp>

<comp id="48" class="1001" name="const_48">
<pin_list>
<pin id="49" dir="1" index="0" bw="1" slack="2147483647"/>
</pin_list>
<bind>
<StgValue><ssdm name="empty_3"/></StgValue>
</bind>
</comp>

<comp id="50" class="1001" name="const_50">
<pin_list>
<pin id="51" dir="1" index="0" bw="1" slack="2147483647"/>
</pin_list>
<bind>
<StgValue><ssdm name="empty"/></StgValue>
</bind>
</comp>

<comp id="52" class="1001" name="const_52">
<pin_list>
<pin id="53" dir="1" index="0" bw="1" slack="2147483647"/>
</pin_list>
<bind>
<StgValue><ssdm name="empty_0"/></StgValue>
</bind>
</comp>

<comp id="54" class="1001" name="const_54">
<pin_list>
<pin id="55" dir="1" index="0" bw="1" slack="2147483647"/>
</pin_list>
<bind>
<StgValue><ssdm name="_ssdm_op_SpecBitsMap"/></StgValue>
</bind>
</comp>

<comp id="56" class="1004" name="grp_read_fu_56">
<pin_list>
<pin id="57" dir="0" index="0" bw="41" slack="0"/>
<pin id="58" dir="0" index="1" bw="32" slack="0"/>
<pin id="59" dir="0" index="2" bw="4" slack="0"/>
<pin id="60" dir="0" index="3" bw="4" slack="0"/>
<pin id="61" dir="0" index="4" bw="1" slack="0"/>
<pin id="62" dir="1" index="5" bw="41" slack="0"/>
</pin_list>
<bind>
<opcode="read(1150) " fcode="read"/>
<opset="empty/1 empty_6/2 empty_7/3 empty_8/4 "/>
</bind>
</comp>

<comp id="68" class="1004" name="grp_write_fu_68">
<pin_list>
<pin id="69" dir="0" index="0" bw="0" slack="0"/>
<pin id="70" dir="0" index="1" bw="32" slack="0"/>
<pin id="71" dir="0" index="2" bw="4" slack="0"/>
<pin id="72" dir="0" index="3" bw="4" slack="0"/>
<pin id="73" dir="0" index="4" bw="1" slack="0"/>
<pin id="74" dir="0" index="5" bw="32" slack="0"/>
<pin id="75" dir="0" index="6" bw="1" slack="0"/>
<pin id="76" dir="0" index="7" bw="1" slack="0"/>
<pin id="77" dir="0" index="8" bw="1" slack="0"/>
<pin id="78" dir="1" index="9" bw="0" slack="2147483647"/>
</pin_list>
<bind>
<opcode="write(1151) " fcode="write"/>
<opset="write_ln304/4 write_ln304/5 write_ln304/6 write_ln304/7 "/>
</bind>
</comp>

<comp id="89" class="1004" name="grp_fu_89">
<pin_list>
<pin id="90" dir="0" index="0" bw="41" slack="0"/>
<pin id="91" dir="1" index="1" bw="32" slack="0"/>
</pin_list>
<bind>
<opcode="extractvalue(56) " fcode="extractvalue"/>
<opset="tmp/2 tmp_1/3 tmp_2/4 "/>
</bind>
</comp>

<comp id="93" class="1004" name="shl_ln34_fu_93">
<pin_list>
<pin id="94" dir="0" index="0" bw="32" slack="1"/>
<pin id="95" dir="0" index="1" bw="1" slack="0"/>
<pin id="96" dir="1" index="2" bw="32" slack="0"/>
</pin_list>
<bind>
<opcode="shl(20) " fcode="shl"/>
<opset="shl_ln34/4 "/>
</bind>
</comp>

<comp id="98" class="1004" name="shl_ln34_1_fu_98">
<pin_list>
<pin id="99" dir="0" index="0" bw="32" slack="0"/>
<pin id="100" dir="0" index="1" bw="3" slack="0"/>
<pin id="101" dir="1" index="2" bw="32" slack="0"/>
</pin_list>
<bind>
<opcode="shl(20) " fcode="shl"/>
<opset="shl_ln34_1/4 "/>
</bind>
</comp>

<comp id="104" class="1004" name="sub_ln34_fu_104">
<pin_list>
<pin id="105" dir="0" index="0" bw="32" slack="0"/>
<pin id="106" dir="0" index="1" bw="32" slack="0"/>
<pin id="107" dir="1" index="2" bw="32" slack="0"/>
</pin_list>
<bind>
<opcode="sub(10) " fcode="sub"/>
<opset="sub_ln34/4 "/>
</bind>
</comp>

<comp id="110" class="1004" name="add_ln34_fu_110">
<pin_list>
<pin id="111" dir="0" index="0" bw="32" slack="0"/>
<pin id="112" dir="0" index="1" bw="32" slack="0"/>
<pin id="113" dir="1" index="2" bw="32" slack="0"/>
</pin_list>
<bind>
<opcode="add(8) " fcode="add"/>
<opset="add_ln34/4 "/>
</bind>
</comp>

<comp id="116" class="1004" name="last_fu_116">
<pin_list>
<pin id="117" dir="0" index="0" bw="32" slack="0"/>
<pin id="118" dir="0" index="1" bw="32" slack="2"/>
<pin id="119" dir="1" index="2" bw="32" slack="0"/>
</pin_list>
<bind>
<opcode="add(8) " fcode="add"/>
<opset="last/4 "/>
</bind>
</comp>

<comp id="122" class="1005" name="tmp_reg_122">
<pin_list>
<pin id="123" dir="0" index="0" bw="32" slack="2"/>
<pin id="124" dir="1" index="1" bw="32" slack="2"/>
</pin_list>
<bind>
<opset="tmp "/>
</bind>
</comp>

<comp id="127" class="1005" name="tmp_1_reg_127">
<pin_list>
<pin id="128" dir="0" index="0" bw="32" slack="1"/>
<pin id="129" dir="1" index="1" bw="32" slack="1"/>
</pin_list>
<bind>
<opset="tmp_1 "/>
</bind>
</comp>

<comp id="132" class="1005" name="last_reg_132">
<pin_list>
<pin id="133" dir="0" index="0" bw="32" slack="1"/>
<pin id="134" dir="1" index="1" bw="32" slack="1"/>
</pin_list>
<bind>
<opset="last "/>
</bind>
</comp>

</comp_list>

<net_list>
<net id="63"><net_src comp="16" pin="0"/><net_sink comp="56" pin=0"/></net>

<net id="64"><net_src comp="0" pin="0"/><net_sink comp="56" pin=1"/></net>

<net id="65"><net_src comp="2" pin="0"/><net_sink comp="56" pin=2"/></net>

<net id="66"><net_src comp="4" pin="0"/><net_sink comp="56" pin=3"/></net>

<net id="67"><net_src comp="6" pin="0"/><net_sink comp="56" pin=4"/></net>

<net id="79"><net_src comp="22" pin="0"/><net_sink comp="68" pin=0"/></net>

<net id="80"><net_src comp="8" pin="0"/><net_sink comp="68" pin=1"/></net>

<net id="81"><net_src comp="10" pin="0"/><net_sink comp="68" pin=2"/></net>

<net id="82"><net_src comp="12" pin="0"/><net_sink comp="68" pin=3"/></net>

<net id="83"><net_src comp="14" pin="0"/><net_sink comp="68" pin=4"/></net>

<net id="84"><net_src comp="24" pin="0"/><net_sink comp="68" pin=6"/></net>

<net id="85"><net_src comp="26" pin="0"/><net_sink comp="68" pin=7"/></net>

<net id="86"><net_src comp="28" pin="0"/><net_sink comp="68" pin=8"/></net>

<net id="87"><net_src comp="30" pin="0"/><net_sink comp="68" pin=5"/></net>

<net id="88"><net_src comp="32" pin="0"/><net_sink comp="68" pin=8"/></net>

<net id="92"><net_src comp="56" pin="5"/><net_sink comp="89" pin=0"/></net>

<net id="97"><net_src comp="18" pin="0"/><net_sink comp="93" pin=1"/></net>

<net id="102"><net_src comp="89" pin="1"/><net_sink comp="98" pin=0"/></net>

<net id="103"><net_src comp="20" pin="0"/><net_sink comp="98" pin=1"/></net>

<net id="108"><net_src comp="98" pin="2"/><net_sink comp="104" pin=0"/></net>

<net id="109"><net_src comp="89" pin="1"/><net_sink comp="104" pin=1"/></net>

<net id="114"><net_src comp="93" pin="2"/><net_sink comp="110" pin=0"/></net>

<net id="115"><net_src comp="104" pin="2"/><net_sink comp="110" pin=1"/></net>

<net id="120"><net_src comp="110" pin="2"/><net_sink comp="116" pin=0"/></net>

<net id="121"><net_src comp="116" pin="2"/><net_sink comp="68" pin=5"/></net>

<net id="125"><net_src comp="89" pin="1"/><net_sink comp="122" pin=0"/></net>

<net id="126"><net_src comp="122" pin="1"/><net_sink comp="116" pin=1"/></net>

<net id="130"><net_src comp="89" pin="1"/><net_sink comp="127" pin=0"/></net>

<net id="131"><net_src comp="127" pin="1"/><net_sink comp="93" pin=0"/></net>

<net id="135"><net_src comp="116" pin="2"/><net_sink comp="132" pin=0"/></net>

<net id="136"><net_src comp="132" pin="1"/><net_sink comp="68" pin=5"/></net>

</net_list>

</model> 
---------------- Datapath Model END ------------------

* FSMD analyzer results:
  - Output states:
	Port: y_stream_V_data_V | {5 6 7 8 }
	Port: y_stream_V_keep_V | {5 6 7 8 }
	Port: y_stream_V_strb_V | {5 6 7 8 }
	Port: y_stream_V_last_V | {5 6 7 8 }
 - Input state : 
	Port: mvm_sa : x_stream_V_data_V | {1 2 3 4 }
	Port: mvm_sa : x_stream_V_keep_V | {1 2 3 4 }
	Port: mvm_sa : x_stream_V_strb_V | {1 2 3 4 }
	Port: mvm_sa : x_stream_V_last_V | {1 2 3 4 }
  - Chain level:
	State 1
	State 2
	State 3
	State 4
		shl_ln34_1 : 1
		sub_ln34 : 1
		add_ln34 : 2
		last : 3
		write_ln304 : 4
	State 5
	State 6
	State 7
	State 8


============================================================
+ Verbose Summary: Datapath Resource usage 
============================================================

* Functional unit list:
|----------|------------------|---------|---------|
| Operation|  Functional Unit |    FF   |   LUT   |
|----------|------------------|---------|---------|
|    add   |  add_ln34_fu_110 |    0    |    32   |
|          |    last_fu_116   |    0    |    32   |
|----------|------------------|---------|---------|
|    sub   |  sub_ln34_fu_104 |    0    |    39   |
|----------|------------------|---------|---------|
|   read   |  grp_read_fu_56  |    0    |    0    |
|----------|------------------|---------|---------|
|   write  |  grp_write_fu_68 |    0    |    0    |
|----------|------------------|---------|---------|
|extractvalue|     grp_fu_89    |    0    |    0    |
|----------|------------------|---------|---------|
|    shl   |  shl_ln34_fu_93  |    0    |    0    |
|          | shl_ln34_1_fu_98 |    0    |    0    |
|----------|------------------|---------|---------|
|   Total  |                  |    0    |   103   |
|----------|------------------|---------|---------|

Memories:
N/A

* Register list:
+-------------+--------+
|             |   FF   |
+-------------+--------+
| last_reg_132|   32   |
|tmp_1_reg_127|   32   |
| tmp_reg_122 |   32   |
+-------------+--------+
|    Total    |   96   |
+-------------+--------+

* Multiplexer (MUX) list: 
|-----------------|------|------|------|--------||---------||---------|
|       Comp      |  Pin | Size |  BW  | S x BW ||  Delay  ||   LUT   |
|-----------------|------|------|------|--------||---------||---------|
| grp_write_fu_68 |  p5  |   3  |  32  |   96   ||    14   |
| grp_write_fu_68 |  p8  |   2  |   1  |    2   |
|-----------------|------|------|------|--------||---------||---------|
|      Total      |      |      |      |   98   ||  3.2953 ||    14   |
|-----------------|------|------|------|--------||---------||---------|



* Summary:
+-----------+--------+--------+--------+
|           |  Delay |   FF   |   LUT  |
+-----------+--------+--------+--------+
|  Function |    -   |    0   |   103  |
|   Memory  |    -   |    -   |    -   |
|Multiplexer|    3   |    -   |   14   |
|  Register |    -   |   96   |    -   |
+-----------+--------+--------+--------+
|   Total   |    3   |   96   |   117  |
+-----------+--------+--------+--------+
